  Problem:  (n = 3): TRU stopping tolerance = 1.0000E-05

        (a=accept r=reject b=TR boundary n=-ve curvature h=hard case)
    It           f         grad     ratio   radius multplr # fact    time
     0       4.0540E+01 1.991E+01          1.0E+02
     1 rbn   4.0540E+01 1.991E+01 -1.0E-01 1.0E+02 9.5E-02     10    0.00
     2 ab    4.9829E+00 5.303E+00  5.1E-01 2.0E+01 1.2E-01     15    0.00
     3 rbn   4.9829E+00 5.303E+00 -1.6E-01 2.0E+01 1.8E-01     22    0.00
     4 ab    2.7201E+00 3.765E+00  1.5E-01 7.0E+00 2.8E-01     27    0.00
     5 rb    2.7201E+00 3.765E+00 -7.5E-02 7.0E+00 3.0E-01     31    0.00
     6 ab   -3.8675E-01 2.059E+00  5.3E-01 3.2E+00 4.6E-01     36    0.00
     7 a    -1.0000E+00 7.614E-05  1.0E+00 3.2E+00 0.0E+00     39    0.00
     8 a    -1.0000E+00 1.471E-13  1.0E+00 3.7E+00 0.0E+00     41    0.00

  Problem:  (n = 3): TRU stopping tolerance = 1.0000E-05
  Second-order model used
  Direct solution (solver sils) of the trust-region sub-problem
  Diagonal TR-norm used
  Number of factorization = 41, factorization time = .00 seconds
  Max entries in factors = 5
  Total time = .00 seconds

 TRU: 8 iterations - optimal objective value = -1.0000E+00
 Optimal solution =  -9.4248E+00 -5.4248E+00  5.4248E+00
