  Problem:  (n = 3): TRB stopping tolerance = 1.0000E-05

It              f        pgrad      ratio   radius # active cg its         time 
0          4.0540E+01  1.1896E+01           1.0E+02   0     
1          2.1565E+00  3.5686E+00  8.8E-01  1.0E+02   1      1             0.00
2          9.6868E-02  2.2590E+00  5.2E-01  1.0E+02   1      2             0.00
3         -7.5890E-01  1.9947E-02  1.0E+00  1.0E+02   1      0             0.00
4         -7.5897E-01  1.3497E-05  1.0E+00  1.0E+02   1      0             0.00
5         -7.5897E-01  6.2412E-12  1.0E+00  1.0E+02   1      1             0.00

  Problem:  (n = 3): TRB stopping tolerance = 1.0000E-05
  Second-order model used
  Final Hessian semi-bandwidth (original, re-ordered) = 0, 0
  Diagonal TR-norm used
  Total time = .00 seconds

TRB successful solve
iter: 5 
x: -3.724693 0.000000 0.000000 
objective: -0.758966 
gradient: 0.000000 0.000000 0.550614 
f_eval: 6 
time: 0.000000 
status: 0 
