
 ==== normal exits ====== 


 stopping tolerance = 1.4901E-07, radius = 1.0000E+03

   Iter        f         pgnorm    step    norm p   norm x     curv 
      0  0.00000000E+00 1.00E+01    -        -        -         -

 Boundary encountered. Switching to Lanczos mode 

  Iter        f         pgnorm      lambda       gamma  tr it info
      1 -2.00000000E+04 1.40E+02 3.00000000E-02 1.40E-01    2    1
      2 -1.00585463E+06 9.97E+02 2.01095784E+00 1.00E+00    3    1
      3 -1.50209066E+06 7.05E+02 3.00383067E+00 1.00E+00    2    1
      4 -1.70811382E+06 4.99E+02 3.41599152E+00 1.00E+00    3    1
      5 -1.80959499E+06 3.71E+02 3.61901709E+00 1.00E+00    4    2
      6 -1.86639867E+06 2.88E+02 3.73266109E+00 1.00E+00    3    1
      7 -1.90123070E+06 2.32E+02 3.80234871E+00 1.00E+00    3    1
      8 -1.92407471E+06 1.91E+02 3.84805294E+00 1.00E+00    4    2
      9 -1.93984499E+06 1.61E+02 3.87960526E+00 1.00E+00    3    1
     10 -1.95117956E+06 1.38E+02 3.90228381E+00 1.00E+00    2    1
     11 -1.95959574E+06 1.20E+02 3.91912241E+00 1.00E+00    3    1
     12 -1.96599967E+06 1.06E+02 3.93196332E+00 1.00E+00    2    1
     13 -1.97101805E+06 9.37E+01 3.94197685E+00 1.00E+00    3    1
     14 -1.97498328E+06 8.40E+01 3.94993494E+00 1.00E+00    2    1
     15 -1.97820798E+06 7.58E+01 3.95636333E+00 1.00E+00    3    1
     16 -1.98082769E+06 6.89E+01 3.96162995E+00 1.00E+00    2    1
     17 -1.98302323E+06 6.29E+01 3.96599854E+00 1.00E+00    3    1
     18 -1.98485405E+06 5.78E+01 3.96966207E+00 1.00E+00    3    1
     19 -1.98640439E+06 5.33E+01 3.97276438E+00 1.00E+00    4    2
     20 -1.98772616E+06 4.94E+01 3.97541444E+00 9.99E-01    2    1
     21 -1.98886887E+06 4.59E+01 3.97769601E+00 9.99E-01    3    1
     22 -1.98985748E+06 4.29E+01 3.97967435E+00 9.99E-01    3    1
     23 -1.99072024E+06 4.01E+01 3.98140086E+00 9.99E-01    4    2
     24 -1.99146122E+06 3.76E+01 3.98291654E+00 9.99E-01    2    1

  Iter        f         pgnorm      lambda       gamma  tr it info
     25 -1.99213305E+06 3.54E+01 3.98425434E+00 9.99E-01    2    1
     26 -1.99273912E+06 3.34E+01 3.98544104E+00 9.99E-01    4    2
     27 -1.99326657E+06 3.16E+01 3.98649857E+00 9.99E-01    2    1
     28 -1.99374047E+06 2.99E+01 3.98744500E+00 9.99E-01    4    2
     29 -1.99415931E+06 2.84E+01 3.98829537E+00 9.99E-01    2    1
     30 -1.99454857E+06 2.69E+01 3.98906226E+00 9.99E-01    4    2
     31 -1.99489532E+06 2.57E+01 3.98975623E+00 9.99E-01    4    2
     32 -1.99521012E+06 2.45E+01 3.99038626E+00 9.99E-01    3    1
     33 -1.99549678E+06 2.34E+01 3.99095997E+00 9.98E-01    3    1
     34 -1.99575225E+06 2.23E+01 3.99148388E+00 9.98E-01    2    1
     35 -1.99599086E+06 2.14E+01 3.99196359E+00 9.98E-01    2    1
     36 -1.99621325E+06 2.05E+01 3.99240395E+00 9.98E-01    2    1
     37 -1.99642072E+06 1.97E+01 3.99280916E+00 9.97E-01    3    1
     38 -1.99660743E+06 1.89E+01 3.99318288E+00 9.97E-01    4    2
     39 -1.99677872E+06 1.82E+01 3.99352829E+00 9.97E-01    2    1
     40 -1.99693985E+06 1.75E+01 3.99384821E+00 9.96E-01    4    2
     41 -1.99708819E+06 1.69E+01 3.99414511E+00 9.95E-01    4    2
     42 -1.99722612E+06 1.62E+01 3.99442119E+00 9.94E-01    4    2
     43 -1.99735462E+06 1.57E+01 3.99467840E+00 9.92E-01    4    2
     44 -1.99747301E+06 1.51E+01 3.99491850E+00 9.90E-01    2    1
     45 -1.99758680E+06 1.46E+01 3.99514313E+00 9.86E-01    4    2
     46 -1.99769206E+06 1.41E+01 3.99535381E+00 9.80E-01    4    2
     47 -1.99779115E+06 1.36E+01 3.99555217E+00 9.68E-01    4    2
     48 -1.99788516E+06 1.30E+01 3.99574034E+00 9.43E-01    3    1
     49 -1.99797649E+06 1.21E+01 3.99592315E+00 8.66E-01    4    2

  Iter        f         pgnorm      lambda       gamma  tr it info
     50 -1.99808261E+06 0.00E+00 3.99613557E+00 0.00E+00    4    2
 pass   3 GLTR_solve exit status =      0
 pass   4 GLTR_solve exit status =      0
