
 ==== error exits ===== 

 pass   -3: TRS_solve exit status =     -3
 pass   -3: TRS_solve exit status =     -3
 pass  -15: TRS_solve exit status =    -15
 pass  -16: TRS_solve exit status =      0
 pass  -18: TRS_solve exit status =    -18

 ==== basic tests of storage formats ===== 

 format ZS2  : TRS_solve exit status =    0
 format ZD2  : TRS_solve exit status =    0
 format IS2  : TRS_solve exit status =    0
 format ID2  : TRS_solve exit status =    0
 format SS2  : TRS_solve exit status =    0
 format SD2  : TRS_solve exit status =    0
 format GS2  : TRS_solve exit status =    0
 format GS1  : TRS_solve exit status =    0
 format GS0  : TRS_solve exit status =    0
 format GD2  : TRS_solve exit status =    0
 format GD1  : TRS_solve exit status =    0
 format GD0  : TRS_solve exit status =    0
 format GS2M : TRS_solve exit status =    0
 format GS1M : TRS_solve exit status =    0
 format GS0M : TRS_solve exit status =    0
 format GD2M : TRS_solve exit status =    0
 format GD1M : TRS_solve exit status =    0
 format GD0M : TRS_solve exit status =    0
 format GS2A : TRS_solve exit status =    0
 format GS1A : TRS_solve exit status =    0
 format GS0A : TRS_solve exit status =    0
 format GD2A : TRS_solve exit status =    0
 format GD1A : TRS_solve exit status =    0
 format GD0A : TRS_solve exit status =    0
 format GS2MA: TRS_solve exit status =    0
 format GS1MA: TRS_solve exit status =    0
 format GS0MA: TRS_solve exit status =    0
 format GD2MA: TRS_solve exit status =    0
 format GD1MA: TRS_solve exit status =    0
 format GD0MA: TRS_solve exit status =    0
 format DS2  : TRS_solve exit status =    0
 format DS1  : TRS_solve exit status =    0
 format DS0  : TRS_solve exit status =    0
 format DD2  : TRS_solve exit status =    0
 format DD1  : TRS_solve exit status =    0
 format DD0  : TRS_solve exit status =    0
 format DS2M : TRS_solve exit status =    0
 format DS1M : TRS_solve exit status =    0
 format DS0M : TRS_solve exit status =    0
 format DD2M : TRS_solve exit status =    0
 format DD1M : TRS_solve exit status =    0
 format DD0M : TRS_solve exit status =    0
 format DS2A : TRS_solve exit status =    0
 format DS1A : TRS_solve exit status =    0
 format DS0A : TRS_solve exit status =    0
 format DD2A : TRS_solve exit status =    0
 format DD1A : TRS_solve exit status =    0
 format DD0A : TRS_solve exit status =    0
 format DS2MA: TRS_solve exit status =    0
 format DS1MA: TRS_solve exit status =    0
 format DS0MA: TRS_solve exit status =    0
 format DD2MA: TRS_solve exit status =    0
 format DD1MA: TRS_solve exit status =    0
 format DD0MA: TRS_solve exit status =    0
 format RS2  : TRS_solve exit status =    0
 format RS1  : TRS_solve exit status =    0
 format RS0  : TRS_solve exit status =    0
 format RD2  : TRS_solve exit status =    0
 format RD1  : TRS_solve exit status =    0
 format RD0  : TRS_solve exit status =    0
 format RS2M : TRS_solve exit status =    0
 format RS1M : TRS_solve exit status =    0
 format RS0M : TRS_solve exit status =    0
 format RD2M : TRS_solve exit status =    0
 format RD1M : TRS_solve exit status =    0
 format RD0M : TRS_solve exit status =    0
 format RS2A : TRS_solve exit status =    0
 format RS1A : TRS_solve exit status =    0
 format RS0A : TRS_solve exit status =    0
 format RD2A : TRS_solve exit status =    0
 format RD1A : TRS_solve exit status =    0
 format RD0A : TRS_solve exit status =    0
 format RS2MA: TRS_solve exit status =    0
 format RS1MA: TRS_solve exit status =    0
 format RS0MA: TRS_solve exit status =    0
 format RD2MA: TRS_solve exit status =    0
 format RD1MA: TRS_solve exit status =    0
 format RD0MA: TRS_solve exit status =    0
 format CS2  : TRS_solve exit status =    0
 format CS1  : TRS_solve exit status =    0
 format CS0  : TRS_solve exit status =    0
 format CD2  : TRS_solve exit status =    0
 format CD1  : TRS_solve exit status =    0
 format CD0  : TRS_solve exit status =    0
 format CS2M : TRS_solve exit status =    0
 format CS1M : TRS_solve exit status =    0
 format CS0M : TRS_solve exit status =    0
 format CD2M : TRS_solve exit status =    0
 format CD1M : TRS_solve exit status =    0
 format CD0M : TRS_solve exit status =    0
 format CS2A : TRS_solve exit status =    0
 format CS1A : TRS_solve exit status =    0
 format CS0A : TRS_solve exit status =    0
 format CD2A : TRS_solve exit status =    0
 format CD1A : TRS_solve exit status =    0
 format CD0A : TRS_solve exit status =    0
 format CS2MA: TRS_solve exit status =    0
 format CS1MA: TRS_solve exit status =    0
 format CS0MA: TRS_solve exit status =    0
 format CD2MA: TRS_solve exit status =    0
 format CD1MA: TRS_solve exit status =    0
 format CD0MA: TRS_solve exit status =    0

 ==== normal exits ===== 

 pass    1: TRS_solve exit status =      0
 pass    2: TRS_solve exit status =      0
 pass    3: TRS_solve exit status =      0
 pass    4: TRS_solve exit status =      0
 pass    5: TRS_solve exit status =      0
 pass    6: TRS_solve exit status =      0
 pass    7: TRS_solve exit status =      0
 pass    8: TRS_solve exit status =      0

 tests completed
