
 error exit tests 

 test   status
    3       -3
   15        0

 basic tests of storage formats 

        storage prec fact  new   status residual
       IDENTITY    1    1    2        0     tiny
       IDENTITY    1    1    1        0     tiny
       IDENTITY    1    1    0        0     tiny
SCALED_IDENTITY    1    1    2        0     tiny
SCALED_IDENTITY    1    1    1        0     tiny
SCALED_IDENTITY    1    1    0        0     tiny
       DIAGONAL    1    1    2        0     tiny
       DIAGONAL    1    1    1        0     tiny
       DIAGONAL    1    1    0        0     tiny
          DENSE    1    1    2        0     tiny
          DENSE    1    1    1        0     tiny
          DENSE    1    1    0        0     tiny
 SPARSE_BY_ROWS    1    1    2        0     tiny
 SPARSE_BY_ROWS    1    1    1        0     tiny
 SPARSE_BY_ROWS    1    1    0        0     tiny
     COORDINATE    1    1    2        0     tiny
     COORDINATE    1    1    1        0     tiny
     COORDINATE    1    1    0        0     tiny
       IDENTITY    1    2    2        0     tiny
       IDENTITY    1    2    1        0     tiny
       IDENTITY    1    2    0        0     tiny
SCALED_IDENTITY    1    2    2        0     tiny
SCALED_IDENTITY    1    2    1        0     tiny
SCALED_IDENTITY    1    2    0        0     tiny
       DIAGONAL    1    2    2        0     tiny
       DIAGONAL    1    2    1        0     tiny
       DIAGONAL    1    2    0        0     tiny
          DENSE    1    2    2        0     tiny
          DENSE    1    2    1        0     tiny
          DENSE    1    2    0        0     tiny
 SPARSE_BY_ROWS    1    2    2        0     tiny
 SPARSE_BY_ROWS    1    2    1        0     tiny
 SPARSE_BY_ROWS    1    2    0        0     tiny
     COORDINATE    1    2    2        0     tiny
     COORDINATE    1    2    1        0     tiny
     COORDINATE    1    2    0        0     tiny

        storage prec fact  new   status residual
       IDENTITY    2    1    2        0     tiny
       IDENTITY    2    1    1        0     tiny
       IDENTITY    2    1    0        0     tiny
SCALED_IDENTITY    2    1    2        0     tiny
SCALED_IDENTITY    2    1    1        0     tiny
SCALED_IDENTITY    2    1    0        0     tiny
       DIAGONAL    2    1    2        0     tiny
       DIAGONAL    2    1    1        0     tiny
       DIAGONAL    2    1    0        0     tiny
          DENSE    2    1    2        0     tiny
          DENSE    2    1    1        0     tiny
          DENSE    2    1    0        0     tiny
 SPARSE_BY_ROWS    2    1    2        0     tiny
 SPARSE_BY_ROWS    2    1    1        0     tiny
 SPARSE_BY_ROWS    2    1    0        0     tiny
     COORDINATE    2    1    2        0     tiny
     COORDINATE    2    1    1        0     tiny
     COORDINATE    2    1    0        0     tiny
       IDENTITY    2    2    2        0     tiny
       IDENTITY    2    2    1        0     tiny
       IDENTITY    2    2    0        0     tiny
SCALED_IDENTITY    2    2    2        0     tiny
SCALED_IDENTITY    2    2    1        0     tiny
SCALED_IDENTITY    2    2    0        0     tiny
       DIAGONAL    2    2    2        0     tiny
       DIAGONAL    2    2    1        0     tiny
       DIAGONAL    2    2    0        0     tiny
          DENSE    2    2    2        0     tiny
          DENSE    2    2    1        0     tiny
          DENSE    2    2    0        0     tiny
 SPARSE_BY_ROWS    2    2    2        0     tiny
 SPARSE_BY_ROWS    2    2    1        0     tiny
 SPARSE_BY_ROWS    2    2    0        0     tiny
     COORDINATE    2    2    2        0     tiny
     COORDINATE    2    2    1        0     tiny
     COORDINATE    2    2    0        0     tiny

        storage prec fact  new   status residual
       IDENTITY    3    1    2        0     tiny
       IDENTITY    3    1    1        0     tiny
       IDENTITY    3    1    0        0     tiny
SCALED_IDENTITY    3    1    2        0     tiny
SCALED_IDENTITY    3    1    1        0     tiny
SCALED_IDENTITY    3    1    0        0     tiny
       DIAGONAL    3    1    2        0     tiny
       DIAGONAL    3    1    1        0     tiny
       DIAGONAL    3    1    0        0     tiny
          DENSE    3    1    2        0     tiny
          DENSE    3    1    1        0     tiny
          DENSE    3    1    0        0     tiny
 SPARSE_BY_ROWS    3    1    2        0     tiny
 SPARSE_BY_ROWS    3    1    1        0     tiny
 SPARSE_BY_ROWS    3    1    0        0     tiny
     COORDINATE    3    1    2        0     tiny
     COORDINATE    3    1    1        0     tiny
     COORDINATE    3    1    0        0     tiny
       IDENTITY    3    2    2        0     tiny
       IDENTITY    3    2    1        0     tiny
       IDENTITY    3    2    0        0     tiny
SCALED_IDENTITY    3    2    2        0     tiny
SCALED_IDENTITY    3    2    1        0     tiny
SCALED_IDENTITY    3    2    0        0     tiny
       DIAGONAL    3    2    2        0     tiny
       DIAGONAL    3    2    1        0     tiny
       DIAGONAL    3    2    0        0     tiny
          DENSE    3    2    2        0     tiny
          DENSE    3    2    1        0     tiny
          DENSE    3    2    0        0     tiny
 SPARSE_BY_ROWS    3    2    2        0     tiny
 SPARSE_BY_ROWS    3    2    1        0     tiny
 SPARSE_BY_ROWS    3    2    0        0     tiny
     COORDINATE    3    2    2        0     tiny
     COORDINATE    3    2    1        0     tiny
     COORDINATE    3    2    0        0     tiny

        storage prec fact  new   status residual
       IDENTITY    4    1    2        0     tiny
       IDENTITY    4    1    1        0     tiny
       IDENTITY    4    1    0        0     tiny
SCALED_IDENTITY    4    1    2        0     tiny
SCALED_IDENTITY    4    1    1        0     tiny
SCALED_IDENTITY    4    1    0        0     tiny
       DIAGONAL    4    1    2        0     tiny
       DIAGONAL    4    1    1        0     tiny
       DIAGONAL    4    1    0        0     tiny
          DENSE    4    1    2        0     tiny
          DENSE    4    1    1        0     tiny
          DENSE    4    1    0        0     tiny
 SPARSE_BY_ROWS    4    1    2        0     tiny
 SPARSE_BY_ROWS    4    1    1        0     tiny
 SPARSE_BY_ROWS    4    1    0        0     tiny
     COORDINATE    4    1    2        0     tiny
     COORDINATE    4    1    1        0     tiny
     COORDINATE    4    1    0        0     tiny
       IDENTITY    4    2    2        0     tiny
       IDENTITY    4    2    1        0     tiny
       IDENTITY    4    2    0        0     tiny
SCALED_IDENTITY    4    2    2        0     tiny
SCALED_IDENTITY    4    2    1        0     tiny
SCALED_IDENTITY    4    2    0        0     tiny
       DIAGONAL    4    2    2        0     tiny
       DIAGONAL    4    2    1        0     tiny
       DIAGONAL    4    2    0        0     tiny
          DENSE    4    2    2        0     tiny
          DENSE    4    2    1        0     tiny
          DENSE    4    2    0        0     tiny
 SPARSE_BY_ROWS    4    2    2        0     tiny
 SPARSE_BY_ROWS    4    2    1        0     tiny
 SPARSE_BY_ROWS    4    2    0        0     tiny
     COORDINATE    4    2    2        0     tiny
     COORDINATE    4    2    1        0     tiny
     COORDINATE    4    2    0        0     tiny

        storage prec fact  new   status residual
       IDENTITY    5    1    2        0     tiny
       IDENTITY    5    1    1        0     tiny
       IDENTITY    5    1    0        0     tiny
SCALED_IDENTITY    5    1    2        0     tiny
SCALED_IDENTITY    5    1    1        0     tiny
SCALED_IDENTITY    5    1    0        0     tiny
       DIAGONAL    5    1    2        0     tiny
       DIAGONAL    5    1    1        0     tiny
       DIAGONAL    5    1    0        0     tiny
          DENSE    5    1    2        0     tiny
          DENSE    5    1    1        0     tiny
          DENSE    5    1    0        0     tiny
 SPARSE_BY_ROWS    5    1    2        0     tiny
 SPARSE_BY_ROWS    5    1    1        0     tiny
 SPARSE_BY_ROWS    5    1    0        0     tiny
     COORDINATE    5    1    2        0     tiny
     COORDINATE    5    1    1        0     tiny
     COORDINATE    5    1    0        0     tiny
       IDENTITY    5    2    2        0     tiny
       IDENTITY    5    2    1        0     tiny
       IDENTITY    5    2    0        0     tiny
SCALED_IDENTITY    5    2    2        0     tiny
SCALED_IDENTITY    5    2    1        0     tiny
SCALED_IDENTITY    5    2    0        0     tiny
       DIAGONAL    5    2    2        0     tiny
       DIAGONAL    5    2    1        0     tiny
       DIAGONAL    5    2    0        0     tiny
          DENSE    5    2    2        0     tiny
          DENSE    5    2    1        0     tiny
          DENSE    5    2    0        0     tiny
 SPARSE_BY_ROWS    5    2    2        0     tiny
 SPARSE_BY_ROWS    5    2    1        0     tiny
 SPARSE_BY_ROWS    5    2    0        0     tiny
     COORDINATE    5    2    2        0     tiny
     COORDINATE    5    2    1        0     tiny
     COORDINATE    5    2    0        0     tiny

        storage prec fact  new   status residual
       IDENTITY    6    1    2        0     tiny
       IDENTITY    6    1    1        0     tiny
       IDENTITY    6    1    0        0     tiny
SCALED_IDENTITY    6    1    2        0     tiny
SCALED_IDENTITY    6    1    1        0     tiny
SCALED_IDENTITY    6    1    0        0     tiny
       DIAGONAL    6    1    2        0     tiny
       DIAGONAL    6    1    1        0     tiny
       DIAGONAL    6    1    0        0     tiny
          DENSE    6    1    2        0     tiny
          DENSE    6    1    1        0     tiny
          DENSE    6    1    0        0     tiny
 SPARSE_BY_ROWS    6    1    2        0     tiny
 SPARSE_BY_ROWS    6    1    1        0     tiny
 SPARSE_BY_ROWS    6    1    0        0     tiny
     COORDINATE    6    1    2        0     tiny
     COORDINATE    6    1    1        0     tiny
     COORDINATE    6    1    0        0     tiny
       IDENTITY    6    2    2        0     tiny
       IDENTITY    6    2    1        0     tiny
       IDENTITY    6    2    0        0     tiny
SCALED_IDENTITY    6    2    2        0     tiny
SCALED_IDENTITY    6    2    1        0     tiny
SCALED_IDENTITY    6    2    0        0     tiny
       DIAGONAL    6    2    2        0     tiny
       DIAGONAL    6    2    1        0     tiny
       DIAGONAL    6    2    0        0     tiny
          DENSE    6    2    2        0     tiny
          DENSE    6    2    1        0     tiny
          DENSE    6    2    0        0     tiny
 SPARSE_BY_ROWS    6    2    2        0     tiny
 SPARSE_BY_ROWS    6    2    1        0     tiny
 SPARSE_BY_ROWS    6    2    0        0     tiny
     COORDINATE    6    2    2        0     tiny
     COORDINATE    6    2    1        0     tiny
     COORDINATE    6    2    0        0     tiny

        storage prec fact  new   status residual
       IDENTITY    7    1    2        0     tiny
       IDENTITY    7    1    1        0     tiny
       IDENTITY    7    1    0        0     tiny
SCALED_IDENTITY    7    1    2        0     tiny
SCALED_IDENTITY    7    1    1        0     tiny
SCALED_IDENTITY    7    1    0        0     tiny
       DIAGONAL    7    1    2        0     tiny
       DIAGONAL    7    1    1        0     tiny
       DIAGONAL    7    1    0        0     tiny
          DENSE    7    1    2        0     tiny
          DENSE    7    1    1        0     tiny
          DENSE    7    1    0        0     tiny
 SPARSE_BY_ROWS    7    1    2        0     tiny
 SPARSE_BY_ROWS    7    1    1        0     tiny
 SPARSE_BY_ROWS    7    1    0        0     tiny
     COORDINATE    7    1    2        0     tiny
     COORDINATE    7    1    1        0     tiny
     COORDINATE    7    1    0        0     tiny
       IDENTITY    7    2    2        0     tiny
       IDENTITY    7    2    1        0     tiny
       IDENTITY    7    2    0        0     tiny
SCALED_IDENTITY    7    2    2        0     tiny
SCALED_IDENTITY    7    2    1        0     tiny
SCALED_IDENTITY    7    2    0        0     tiny
       DIAGONAL    7    2    2        0     tiny
       DIAGONAL    7    2    1        0     tiny
       DIAGONAL    7    2    0        0     tiny
          DENSE    7    2    2        0     tiny
          DENSE    7    2    1        0     tiny
          DENSE    7    2    0        0     tiny
 SPARSE_BY_ROWS    7    2    2        0     tiny
 SPARSE_BY_ROWS    7    2    1        0     tiny
 SPARSE_BY_ROWS    7    2    0        0     tiny
     COORDINATE    7    2    2        0     tiny
     COORDINATE    7    2    1        0     tiny
     COORDINATE    7    2    0        0     tiny

        storage prec fact  new   status residual
       IDENTITY    8    1    2        0     tiny
       IDENTITY    8    1    1        0     tiny
       IDENTITY    8    1    0        0     tiny
SCALED_IDENTITY    8    1    2        0     tiny
SCALED_IDENTITY    8    1    1        0     tiny
SCALED_IDENTITY    8    1    0        0     tiny
       DIAGONAL    8    1    2        0     tiny
       DIAGONAL    8    1    1        0     tiny
       DIAGONAL    8    1    0        0     tiny
          DENSE    8    1    2        0     tiny
          DENSE    8    1    1        0     tiny
          DENSE    8    1    0        0     tiny
 SPARSE_BY_ROWS    8    1    2        0     tiny
 SPARSE_BY_ROWS    8    1    1        0     tiny
 SPARSE_BY_ROWS    8    1    0        0     tiny
     COORDINATE    8    1    2        0     tiny
     COORDINATE    8    1    1        0     tiny
     COORDINATE    8    1    0        0     tiny
       IDENTITY    8    2    2        0     tiny
       IDENTITY    8    2    1        0     tiny
       IDENTITY    8    2    0        0     tiny
SCALED_IDENTITY    8    2    2        0     tiny
SCALED_IDENTITY    8    2    1        0     tiny
SCALED_IDENTITY    8    2    0        0     tiny
       DIAGONAL    8    2    2        0     tiny
       DIAGONAL    8    2    1        0     tiny
       DIAGONAL    8    2    0        0     tiny
          DENSE    8    2    2        0     tiny
          DENSE    8    2    1        0     tiny
          DENSE    8    2    0        0     tiny
 SPARSE_BY_ROWS    8    2    2        0     tiny
 SPARSE_BY_ROWS    8    2    1        0     tiny
 SPARSE_BY_ROWS    8    2    0        0     tiny
     COORDINATE    8    2    2        0     tiny
     COORDINATE    8    2    1        0     tiny
     COORDINATE    8    2    0        0     tiny

        storage prec fact  new   status residual
       IDENTITY    6    1    2        0     tiny
       IDENTITY    6    1    1        0     tiny
       IDENTITY    6    1    0        0     tiny
SCALED_IDENTITY    6    1    2        0     tiny
SCALED_IDENTITY    6    1    1        0     tiny
SCALED_IDENTITY    6    1    0        0     tiny
       DIAGONAL    6    1    2        0     tiny
       DIAGONAL    6    1    1        0     tiny
       DIAGONAL    6    1    0        0     tiny
          DENSE    6    1    2        0     tiny
          DENSE    6    1    1        0     tiny
          DENSE    6    1    0        0     tiny
 SPARSE_BY_ROWS    6    1    2        0     tiny
 SPARSE_BY_ROWS    6    1    1        0     tiny
 SPARSE_BY_ROWS    6    1    0        0     tiny
     COORDINATE    6    1    2        0     tiny
     COORDINATE    6    1    1        0     tiny
     COORDINATE    6    1    0        0     tiny
       IDENTITY    6    2    2        0     tiny
       IDENTITY    6    2    1        0     tiny
       IDENTITY    6    2    0        0     tiny
SCALED_IDENTITY    6    2    2        0     tiny
SCALED_IDENTITY    6    2    1        0     tiny
SCALED_IDENTITY    6    2    0        0     tiny
       DIAGONAL    6    2    2        0     tiny
       DIAGONAL    6    2    1        0     tiny
       DIAGONAL    6    2    0        0     tiny
          DENSE    6    2    2        0     tiny
          DENSE    6    2    1        0     tiny
          DENSE    6    2    0        0     tiny
 SPARSE_BY_ROWS    6    2    2        0     tiny
 SPARSE_BY_ROWS    6    2    1        0     tiny
 SPARSE_BY_ROWS    6    2    0        0     tiny
     COORDINATE    6    2    2        0     tiny
     COORDINATE    6    2    1        0     tiny
     COORDINATE    6    2    0        0     tiny

        storage prec fact  new   status residual
       IDENTITY    7    1    2        0     tiny
       IDENTITY    7    1    1        0     tiny
       IDENTITY    7    1    0        0     tiny
SCALED_IDENTITY    7    1    2        0     tiny
SCALED_IDENTITY    7    1    1        0     tiny
SCALED_IDENTITY    7    1    0        0     tiny
       DIAGONAL    7    1    2        0     tiny
       DIAGONAL    7    1    1        0     tiny
       DIAGONAL    7    1    0        0     tiny
          DENSE    7    1    2        0     tiny
          DENSE    7    1    1        0     tiny
          DENSE    7    1    0        0     tiny
 SPARSE_BY_ROWS    7    1    2        0     tiny
 SPARSE_BY_ROWS    7    1    1        0     tiny
 SPARSE_BY_ROWS    7    1    0        0     tiny
     COORDINATE    7    1    2        0     tiny
     COORDINATE    7    1    1        0     tiny
     COORDINATE    7    1    0        0     tiny
       IDENTITY    7    2    2        0     tiny
       IDENTITY    7    2    1        0     tiny
       IDENTITY    7    2    0        0     tiny
SCALED_IDENTITY    7    2    2        0     tiny
SCALED_IDENTITY    7    2    1        0     tiny
SCALED_IDENTITY    7    2    0        0     tiny
       DIAGONAL    7    2    2        0     tiny
       DIAGONAL    7    2    1        0     tiny
       DIAGONAL    7    2    0        0     tiny
          DENSE    7    2    2        0     tiny
          DENSE    7    2    1        0     tiny
          DENSE    7    2    0        0     tiny
 SPARSE_BY_ROWS    7    2    2        0     tiny
 SPARSE_BY_ROWS    7    2    1        0     tiny
 SPARSE_BY_ROWS    7    2    0        0     tiny
     COORDINATE    7    2    2        0     tiny
     COORDINATE    7    2    1        0     tiny
     COORDINATE    7    2    0        0     tiny

        storage prec fact  new   status residual
       IDENTITY    8    1    2        0     tiny
       IDENTITY    8    1    1        0     tiny
       IDENTITY    8    1    0        0     tiny
SCALED_IDENTITY    8    1    2        0     tiny
SCALED_IDENTITY    8    1    1        0     tiny
SCALED_IDENTITY    8    1    0        0     tiny
       DIAGONAL    8    1    2        0     tiny
       DIAGONAL    8    1    1        0     tiny
       DIAGONAL    8    1    0        0     tiny
          DENSE    8    1    2        0     tiny
          DENSE    8    1    1        0     tiny
          DENSE    8    1    0        0     tiny
 SPARSE_BY_ROWS    8    1    2        0     tiny
 SPARSE_BY_ROWS    8    1    1        0     tiny
 SPARSE_BY_ROWS    8    1    0        0     tiny
     COORDINATE    8    1    2        0     tiny
     COORDINATE    8    1    1        0     tiny
     COORDINATE    8    1    0        0     tiny
       IDENTITY    8    2    2        0     tiny
       IDENTITY    8    2    1        0     tiny
       IDENTITY    8    2    0        0     tiny
SCALED_IDENTITY    8    2    2        0     tiny
SCALED_IDENTITY    8    2    1        0     tiny
SCALED_IDENTITY    8    2    0        0     tiny
       DIAGONAL    8    2    2        0     tiny
       DIAGONAL    8    2    1        0     tiny
       DIAGONAL    8    2    0        0     tiny
          DENSE    8    2    2        0     tiny
          DENSE    8    2    1        0     tiny
          DENSE    8    2    0        0     tiny
 SPARSE_BY_ROWS    8    2    2        0     tiny
 SPARSE_BY_ROWS    8    2    1        0     tiny
 SPARSE_BY_ROWS    8    2    0        0     tiny
     COORDINATE    8    2    2        0     tiny
     COORDINATE    8    2    1        0     tiny
     COORDINATE    8    2    0        0     tiny

        storage prec fact  new   status residual
       IDENTITY   11    1    2        0     tiny
       IDENTITY   11    1    1        0     tiny
       IDENTITY   11    1    0        0     tiny
SCALED_IDENTITY   11    1    2        0     tiny
SCALED_IDENTITY   11    1    1        0     tiny
SCALED_IDENTITY   11    1    0        0     tiny
       DIAGONAL   11    1    2        0     tiny
       DIAGONAL   11    1    1        0     tiny
       DIAGONAL   11    1    0        0     tiny
          DENSE   11    1    2        0     tiny
          DENSE   11    1    1        0     tiny
          DENSE   11    1    0        0     tiny
 SPARSE_BY_ROWS   11    1    2        0     tiny
 SPARSE_BY_ROWS   11    1    1        0     tiny
 SPARSE_BY_ROWS   11    1    0        0     tiny
     COORDINATE   11    1    2        0     tiny
     COORDINATE   11    1    1        0     tiny
     COORDINATE   11    1    0        0     tiny
       IDENTITY   11    2    2        0     tiny
       IDENTITY   11    2    1        0     tiny
       IDENTITY   11    2    0        0     tiny
SCALED_IDENTITY   11    2    2        0     tiny
SCALED_IDENTITY   11    2    1        0     tiny
SCALED_IDENTITY   11    2    0        0     tiny
       DIAGONAL   11    2    2        0     tiny
       DIAGONAL   11    2    1        0     tiny
       DIAGONAL   11    2    0        0     tiny
          DENSE   11    2    2        0     tiny
          DENSE   11    2    1        0     tiny
          DENSE   11    2    0        0     tiny
 SPARSE_BY_ROWS   11    2    2        0     tiny
 SPARSE_BY_ROWS   11    2    1        0     tiny
 SPARSE_BY_ROWS   11    2    0        0     tiny
     COORDINATE   11    2    2        0     tiny
     COORDINATE   11    2    1        0     tiny
     COORDINATE   11    2    0        0     tiny

        storage prec fact  new   status residual
       IDENTITY   12    1    2        0     tiny
       IDENTITY   12    1    1        0     tiny
       IDENTITY   12    1    0        0     tiny
SCALED_IDENTITY   12    1    2        0     tiny
SCALED_IDENTITY   12    1    1        0     tiny
SCALED_IDENTITY   12    1    0        0     tiny
       DIAGONAL   12    1    2        0     tiny
       DIAGONAL   12    1    1        0     tiny
       DIAGONAL   12    1    0        0     tiny
          DENSE   12    1    2        0     tiny
          DENSE   12    1    1        0     tiny
          DENSE   12    1    0        0     tiny
 SPARSE_BY_ROWS   12    1    2        0     tiny
 SPARSE_BY_ROWS   12    1    1        0     tiny
 SPARSE_BY_ROWS   12    1    0        0     tiny
     COORDINATE   12    1    2        0     tiny
     COORDINATE   12    1    1        0     tiny
     COORDINATE   12    1    0        0     tiny
       IDENTITY   12    2    2        0     tiny
       IDENTITY   12    2    1        0     tiny
       IDENTITY   12    2    0        0     tiny
SCALED_IDENTITY   12    2    2        0     tiny
SCALED_IDENTITY   12    2    1        0     tiny
SCALED_IDENTITY   12    2    0        0     tiny
       DIAGONAL   12    2    2        0     tiny
       DIAGONAL   12    2    1        0     tiny
       DIAGONAL   12    2    0        0     tiny
          DENSE   12    2    2        0     tiny
          DENSE   12    2    1        0     tiny
          DENSE   12    2    0        0     tiny
 SPARSE_BY_ROWS   12    2    2        0     tiny
 SPARSE_BY_ROWS   12    2    1        0     tiny
 SPARSE_BY_ROWS   12    2    0        0     tiny
     COORDINATE   12    2    2        0     tiny
     COORDINATE   12    2    1        0     tiny
     COORDINATE   12    2    0        0     tiny

        storage prec fact  new   status residual
       IDENTITY   -1    1    2        0     tiny
       IDENTITY   -1    1    1        0     tiny
       IDENTITY   -1    1    0        0     tiny
SCALED_IDENTITY   -1    1    2        0     tiny
SCALED_IDENTITY   -1    1    1        0     tiny
SCALED_IDENTITY   -1    1    0        0     tiny
       DIAGONAL   -1    1    2        0     tiny
       DIAGONAL   -1    1    1        0     tiny
       DIAGONAL   -1    1    0        0     tiny
          DENSE   -1    1    2        0     tiny
          DENSE   -1    1    1        0     tiny
          DENSE   -1    1    0        0     tiny
 SPARSE_BY_ROWS   -1    1    2        0     tiny
 SPARSE_BY_ROWS   -1    1    1        0     tiny
 SPARSE_BY_ROWS   -1    1    0        0     tiny
     COORDINATE   -1    1    2        0     tiny
     COORDINATE   -1    1    1        0     tiny
     COORDINATE   -1    1    0        0     tiny
       IDENTITY   -1    2    2        0     tiny
       IDENTITY   -1    2    1        0     tiny
OMP: Error #250: libgomp cancellation is not currently supported.

Program received signal SIGABRT: Process abort signal.

Backtrace for this error:
#0  0x147e5de78ea7 in ???
#1  0x147e5de780dd in ???
#2  0x147e5ec4503f in ???
#3  0x147e5ec44fb7 in ???
#4  0x147e5ec46920 in ???
#5  0x147e5dbd3a07 in ???
#6  0x147e5dbd2338 in ???
#7  0x147e5dc28b0a in ???
#8  0x55669f3e7f3a in ???
#9  0x147e5dbef18c in ???
#10  0x147e5dbf1180 in ???
#11  0x147e5dbfc8e7 in ???
#12  0x147e5dbf9a30 in ???
#13  0x147e5dbf8252 in ???
#14  0x147e5dbcb2ad in ???
#15  0x147e5dc23634 in ???
#16  0x55669f3d3893 in ???
#17  0x147e5dc23f76 in ???
#18  0x147e5dc2f8a2 in ???
#19  0x147e5dbdb7d4 in ???
#20  0x147e5dbdab58 in ???
#21  0x147e5dc20722 in ???
#22  0x147e5e5d96da in ???
#23  0x147e5ed2771e in ???
#24  0xffffffffffffffff in ???
