 status = 0
                x          p(x)
       1  1.0000E-01  1.0000E-01
       2  1.0000E-01  1.0000E-01
       3  1.0000E-01  1.0000E-01
       4  1.0000E-01  1.0000E-01
       5  1.0000E-01  1.0000E-01
       6  1.0000E-01  1.0000E-01
       7  1.0000E-01  1.0000E-01
       8  1.0000E-01  1.0000E-01
       9  1.0000E-01  1.0000E-01
      10  1.0000E-01  1.0000E-01
 status = 0
                x          p(x)
       1  1.8182E-02  1.8182E-02
       2  3.6364E-02  3.6364E-02
       3  5.4545E-02  5.4545E-02
       4  7.2727E-02  7.2727E-02
       5  9.0909E-02  9.0909E-02
       6  1.0909E-01  1.0909E-01
       7  1.2727E-01  1.2727E-01
       8  1.4545E-01  1.4545E-01
       9  1.6364E-01  1.6364E-01
      10  1.8182E-01  1.8182E-01
 status = 1
                x          p(x)
       1 -1.8182E-02  1.8182E-01
       2 -3.6364E-02  1.6364E-01
       3 -5.4545E-02  1.4545E-01
       4 -7.2727E-02  1.2727E-01
       5 -9.0909E-02  1.0909E-01
       6 -1.0909E-01  9.0909E-02
       7 -1.2727E-01  7.2727E-02
       8 -1.4545E-01  5.4545E-02
       9 -1.6364E-01  3.6364E-02
      10 -1.8182E-01  1.8182E-02
 status = 1
                x          p(x)
       1  1.8182E-02  1.2727E-01
       2 -3.6364E-02  7.2727E-02
       3  5.4545E-02  1.6364E-01
       4 -7.2727E-02  3.6364E-02
       5  9.0909E-02  2.0000E-01
       6 -1.0909E-01  2.7756E-17
       7  1.2727E-01  2.3636E-01
       8 -1.4545E-01  0.0000E+00
       9  1.6364E-01  2.7273E-01
      10 -1.8182E-01  0.0000E+00
