                v          proj
       1  0.0000E+00  0.0000E+00
       2  2.2222E-02  8.6420E-03
       3  4.4444E-02  3.0864E-02
       4  6.6667E-02  5.3086E-02
       5  8.8889E-02  7.5309E-02
       6  1.1111E-01  9.7531E-02
       7  1.3333E-01  1.1975E-01
       8  1.5556E-01  1.4198E-01
       9  1.7778E-01  1.6420E-01
      10  2.0000E-01  1.8642E-01
                v          proj
       1  0.0000E+00  0.0000E+00
       2  0.0000E+00  0.0000E+00
       3  2.7778E-02  8.3333E-03
       4  5.5556E-02  3.6111E-02
       5  8.3333E-02  6.3889E-02
       6  1.1111E-01  9.1667E-02
       7  1.3889E-01  1.1944E-01
       8  1.6667E-01  1.4722E-01
       9  1.9444E-01  1.7500E-01
      10  2.2222E-01  2.0278E-01
                v          proj
       1  0.0000E+00  0.0000E+00
       2  0.0000E+00  0.0000E+00
       3  0.0000E+00  0.0000E+00
       4  3.5714E-02  6.1224E-03
       5  7.1429E-02  4.1837E-02
       6  1.0714E-01  7.7551E-02
       7  1.4286E-01  1.1327E-01
       8  1.7857E-01  1.4898E-01
       9  2.1429E-01  1.8469E-01
      10  2.5000E-01  2.2041E-01
                v          proj
       1  0.0000E+00  0.0000E+00
       2  0.0000E+00  0.0000E+00
       3  0.0000E+00  0.0000E+00
       4  0.0000E+00  0.0000E+00
       5  4.7619E-02  1.2925E-02
       6  9.5238E-02  6.0544E-02
       7  1.4286E-01  1.0816E-01
       8  1.9048E-01  1.5578E-01
       9  2.3810E-01  2.0340E-01
      10  2.8571E-01  2.5102E-01
                v          proj
       1  0.0000E+00  0.0000E+00
       2  0.0000E+00  0.0000E+00
       3  0.0000E+00  0.0000E+00
       4  0.0000E+00  0.0000E+00
       5  6.9389E-18  0.0000E+00
       6  6.6667E-02  5.5556E-03
       7  1.3333E-01  7.2222E-02
       8  2.0000E-01  1.3889E-01
       9  2.6667E-01  2.0556E-01
      10  3.3333E-01  2.7222E-01
                v          proj
       1  0.0000E+00  0.0000E+00
       2  0.0000E+00  0.0000E+00
       3  0.0000E+00  0.0000E+00
       4  0.0000E+00  0.0000E+00
       5  6.9389E-18  0.0000E+00
       6  0.0000E+00  0.0000E+00
       7  1.0000E-01  0.0000E+00
       8  2.0000E-01  8.0000E-02
       9  3.0000E-01  1.8000E-01
      10  4.0000E-01  2.8000E-01
                v          proj
       1  0.0000E+00  0.0000E+00
       2  0.0000E+00  0.0000E+00
       3  0.0000E+00  0.0000E+00
       4  0.0000E+00  0.0000E+00
       5  6.9389E-18  0.0000E+00
       6  0.0000E+00  0.0000E+00
       7  0.0000E+00  0.0000E+00
       8  1.6667E-01  0.0000E+00
       9  3.3333E-01  5.8333E-02
      10  5.0000E-01  2.2500E-01
                v          proj
       1  0.0000E+00  0.0000E+00
       2  0.0000E+00  0.0000E+00
       3  0.0000E+00  0.0000E+00
       4  0.0000E+00  0.0000E+00
       5  6.9389E-18  0.0000E+00
       6  0.0000E+00  0.0000E+00
       7  0.0000E+00  0.0000E+00
       8  0.0000E+00  0.0000E+00
       9  3.3333E-01  0.0000E+00
      10  6.6667E-01  0.0000E+00
                v          proj
       1  0.0000E+00  0.0000E+00
       2  0.0000E+00  0.0000E+00
       3  0.0000E+00  0.0000E+00
       4  0.0000E+00  0.0000E+00
       5  6.9389E-18  0.0000E+00
       6  0.0000E+00  0.0000E+00
       7  0.0000E+00  0.0000E+00
       8  0.0000E+00  0.0000E+00
       9  0.0000E+00  0.0000E+00
      10  1.0000E+00  0.0000E+00
