
 problem dimensions before preprocessing:
 n =        3 m =        2 a_ne =        4 h_ne =        4

 problem dimensions after preprocessing:
 n =        3 m =        2 a_ne =        4 h_ne =        4

 1 in working set from 2 constraints
 0 in working set from 3 simple bounds

 - - - - - - - test for rank defficiency  -  -  -  -  -  -
 SLS: analysis complete:      status = 0
 SLS: factorization complete: status = 0
 smallest,largest block eigenvalues =  1.0000E+00  2.0000E+00
 0 constraints appear to be dependent

 - - - - - - end of test for rank defficiency -  -  -  -  -

 1 in working set from 2 constraints
 0 in working set from 3 simple bounds

                   !!!!! RANDOMIZING RHS !!!!!

                   ======================================
                        Start of Major iteration    1
                                 (pass    1)
                     general pen. parameter = 1.0000E+00
                       bound pen. parameter = 1.0000E+00
                         maximum multiplier = 0.0000E+00
                   ======================================

 Band (semi-bandwidth 5) Hessian
  Schur-complement factorization used (pivot tol = 1.49E-09)

 off-diagonal term - switching to augmented system method
 SLS: analysis complete:      status = 0

 nnz, real/integer space anticipated for factors: 6, -1 & -1
 SLS: factorization complete: status = 0

 nnz, real/integer space required for factors: 6, -1 & -1

 Preconditioner is inappropriate as it has
 2 negative and 0 zero eigenvalues as opposed to 1 negative one

 Perturbing G by  4.000010E+00 and restarting (pivtol =  1.49E-09)

 SLS: factorization complete: status = 0

 nnz, real/integer space required for factors: 6, -1 & -1

 There are 2 degrees of freedom

                               Warm start

               pr = 3       violation      Schur complt             CPU
   iter   merit fn.  step  size     # CG it dim +ve -ve   change    time

      0  4.0000E+00          +0     2                                0.0
      1  2.5102E+00          +0     2     1                          0.0

 Problem is unbounded from below: stopping

                 infeasibility = 2.8571E+00, restarting

                   ======================================
                        Start of Major iteration    2
                                 (pass    2)
                     general pen. parameter = 2.0000E+00
                       bound pen. parameter = 2.0000E+00
                         maximum multiplier = 0.0000E+00
                   ======================================

 Band (semi-bandwidth 5) Hessian
  Schur-complement factorization used (pivot tol = 1.49E-09)

 off-diagonal term - switching to augmented system method
 SLS: analysis complete:      status = 0

 nnz, real/integer space anticipated for factors: 6, -1 & -1
 SLS: factorization complete: status = 0

 nnz, real/integer space required for factors: 6, -1 & -1

 Preconditioner is inappropriate as it has
 2 negative and 0 zero eigenvalues as opposed to 1 negative one

 Perturbing G by  4.000010E+00 and restarting (pivtol =  1.49E-09)

 SLS: factorization complete: status = 0

 nnz, real/integer space required for factors: 6, -1 & -1

 There are 2 degrees of freedom

                               Warm start

               pr = 3       violation      Schur complt             CPU
   iter   merit fn.  step  size     # CG it dim +ve -ve   change    time

      2  5.3673E+00          +0     2                                0.0
      3  5.3673E+00          +0     2                                0.0
      4  5.1605E+00 1.8E-01  +0     1     1   1   0   1     +2bL     0.0
      5  5.1000E+00 1.0E+00  +0     1     1                          0.0
      6  5.1000E+00 1.0E+00  +0     1     0                          0.0

                   ======================================
                           Optimal Solution found
                     general pen. parameter = 2.0000E+00
                       bound pen. parameter = 2.0000E+00
                         maximum multiplier = 1.4000E+00
                   ======================================

                  verifying optimality and feasibility ...

               pr = 3       violation      Schur complt             CPU
   iter   merit fn.  step  size     # CG it dim +ve -ve   change    time

      6  5.1000E+00          +0     1     0                          0.0

                 infeasibility = 2.6000E+00, restarting

                   ======================================
                        Start of Major iteration    3
                                 (pass    3)
                     general pen. parameter = 4.0000E+00
                       bound pen. parameter = 4.0000E+00
                         maximum multiplier = 0.0000E+00
                   ======================================

 Band (semi-bandwidth 0) Hessian
  Schur-complement factorization used (pivot tol = 1.49E-09)
 maximum, average column lengths: 1 & 1.0
 number of columns longer than 35 is 0

 Schur complement failure ... switching to augmented system method

 SLS: analysis complete:      status = 0

 nnz, real/integer space anticipated for factors: 4, -1 & -1
 SLS: factorization complete: status = 0

 nnz, real/integer space required for factors: 4, -1 & -1

 There is 1 degree of freedom

                               Warm start

               pr = 3       violation      Schur complt             CPU
   iter   merit fn.  step  size     # CG it dim +ve -ve   change    time

      6  1.0300E+01          +0     1                                0.0
      7  1.0300E+01          +0     1                                0.0
      8  9.9000E+00 1.0E+00  +0     1     1                          0.0
      9  9.9000E+00 1.0E+00  +0     1     0   1   1   0     -2bL     0.0
     10  5.4647E+00 7.3E-02 -in     0     2   2   1   1     +2cL     0.0
     11  5.4459E+00 1.0E+00 -in     0     1                          0.0
     12  5.4459E+00 1.0E+00 -in     0     0                          0.0

                   ======================================
                           Optimal Solution found
                     general pen. parameter = 4.0000E+00
                       bound pen. parameter = 4.0000E+00
                         maximum multiplier = 1.7568E+00
                   ======================================

                  verifying optimality and feasibility ...

               pr = 3       violation      Schur complt             CPU
   iter   merit fn.  step  size     # CG it dim +ve -ve   change    time

     12  5.4459E+00         -in     0     0                          0.0

                   !!!!! REMOVING RANDOMIZATION !!!!!
                 tightening infeasibility tolerance ...
                 infeasibility = 0.0000E+00, restarting

                   ======================================
                        Start of Major iteration    4
                                 (pass    4)
                     general pen. parameter = 4.0000E+00
                       bound pen. parameter = 4.0000E+00
                         maximum multiplier = 0.0000E+00
                   ======================================

 Band (semi-bandwidth 0) Hessian
  Schur-complement factorization used (pivot tol = 1.49E-09)
 maximum, average column lengths: 2 & 1.3
 number of columns longer than 35 is 0

 Schur complement failure ... switching to augmented system method

 SLS: analysis complete:      status = 0

 nnz, real/integer space anticipated for factors: 7, -1 & -1
 SLS: factorization complete: status = 0

 nnz, real/integer space required for factors: 7, -1 & -1

 There is 1 degree of freedom

                               Warm start

               pr = 3       violation      Schur complt             CPU
   iter   merit fn.  step  size     # CG it dim +ve -ve   change    time

     12  5.4459E+00         -in     0                                0.0
     13  5.4459E+00         -16     0                                0.0
     14  5.4459E+00 0.0E+00 -16     0     0                          0.0

                   ======================================
                           Optimal Solution found
                     general pen. parameter = 4.0000E+00
                       bound pen. parameter = 4.0000E+00
                         maximum multiplier = 1.7568E+00
                   ======================================

                  verifying optimality and feasibility ...

               pr = 3       violation      Schur complt             CPU
   iter   merit fn.  step  size     # CG it dim +ve -ve   change    time

     14  5.4459E+00         -in     0     0                          0.0


               =-=-=-=-=-=-=-=-=-=-=-=-=-=-=-=-=-=-=-=-=
               =          QPA timing statistics        =
               =         total         preprocess      =
               =          0.21            0.11         =
               =     analyse   factorize    solve      =
               =       0.19       0.01       0.00      =
               =-=-=-=-=-=-=-=-=-=-=-=-=-=-=-=-=-=-=-=-=
 QPA: 14 iterations. Optimal objective value =  5.4459E+00
 Optimal solution =  -5.4054E-02  1.1081E+00  8.9189E-01
