
  #its   #cg            f           proj gr  cmp slkns    step     mu      time
0          -  3.50000000000000E+00 2.000E+00 2.000E+20      -    3.3E+17    0.0
1     4       2.22222222222222E+34 1.333E+17 3.333E+19 1.000E+00 3.3E+17    0.0
2     4       5.55555555555555E+33 6.667E+16 7.407E+33 1.000E+00 7.4E+31    0.0
3     4       1.43537674209342E+33 3.373E+16 1.914E+33 1.000E+00 1.9E+31    0.0
4     4       3.61465537106164E+32 1.691E+16 4.819E+32 1.000E+00 4.8E+30    0.0
5     4       9.09877349573613E+31 8.475E+15 1.213E+32 1.000E+00 1.2E+30    0.0
6     4       2.29030764852452E+31 4.248E+15 3.053E+31 1.000E+00 3.1E+29    0.0
7     4       5.76505972562589E+30 2.129E+15 7.686E+30 1.000E+00 7.7E+28    0.0
8     3       1.45115347360709E+30 1.067E+15 1.935E+30 1.000E+00 1.9E+28    0.0
9     3       3.65277274610469E+29 5.350E+14 4.870E+29 1.000E+00 4.9E+27    0.0
10    2       9.19457897776031E+28 2.682E+14 1.226E+29 1.000E+00 1.2E+27    0.0
11    2       2.31441365703829E+28 1.344E+14 3.086E+28 1.000E+00 3.1E+26    0.0
12    2       5.82572646667887E+27 6.738E+13 7.767E+27 1.000E+00 7.8E+25    0.0
13    2       1.46642271806972E+27 3.378E+13 1.955E+27 1.000E+00 2.0E+25    0.0
14    2       3.69120582503608E+26 1.693E+13 4.921E+26 1.000E+00 4.9E+24    0.0
15    2       9.29131833987676E+25 8.487E+12 1.239E+26 1.000E+00 1.2E+24    0.0
16    2       2.33876407884832E+25 4.254E+12 3.118E+25 1.000E+00 3.1E+23    0.0
17    2       5.88701967918775E+24 2.132E+12 7.849E+24 1.000E+00 7.8E+22    0.0
18    2       1.48185107227043E+24 1.069E+12 1.976E+24 1.000E+00 2.0E+22    0.0
19    2       3.73004119824616E+23 5.358E+11 4.973E+23 1.000E+00 5.0E+21    0.0
20    2       9.38907260216006E+22 2.686E+11 1.252E+23 1.000E+00 1.3E+21    0.0
21    2       2.36337025304297E+22 1.346E+11 3.151E+22 1.000E+00 3.2E+20    0.0
22    2       5.94895702275111E+21 6.750E+10 7.931E+21 1.000E+00 7.9E+19    0.0
23    2       1.49744161030001E+21 3.384E+10 1.996E+21 1.000E+00 2.0E+19    0.0
24    2       3.76928487202112E+20 1.696E+10 5.025E+20 1.000E+00 5.0E+18    0.0
25    2       9.48785469545097E+19 8.503E+09 1.265E+20 1.000E+00 1.3E+18    0.0
26    2       2.38823515780917E+19 4.262E+09 3.184E+19 1.000E+00 3.2E+17    0.0
27    2       6.01154564267885E+18 2.137E+09 8.015E+18 1.000E+00 8.0E+16    0.0
28    2       1.51319608552151E+18 1.071E+09 2.017E+18 1.000E+00 2.0E+16    0.0
29    2       3.80894119849170E+17 5.369E+08 5.078E+17 1.000E+00 5.1E+15    0.0
30    2       9.58767547615706E+16 2.692E+08 1.278E+17 1.000E+00 1.3E+15    0.0
31    2       2.41336150288984E+16 1.349E+08 3.218E+16 1.000E+00 3.2E+14    0.0
32    2       6.07479227806608E+15 6.765E+07 8.099E+15 1.000E+00 8.1E+13    0.0
33    2       1.52911615752676E+15 3.391E+07 2.039E+15 1.000E+00 2.0E+13    0.0
34    2       3.84901417624781E+14 1.700E+07 5.132E+14 1.000E+00 5.1E+12    0.0
35    2       9.68854411917847E+13 8.523E+06 1.292E+14 1.000E+00 1.3E+12    0.0
36    2       2.43875115213696E+13 4.272E+06 3.251E+13 1.000E+00 3.3E+11    0.0
37    2       6.13869938641446E+12 2.142E+06 8.184E+12 1.000E+00 8.2E+10    0.0
38    2       1.54520132436973E+12 1.074E+06 2.060E+12 1.000E+00 2.1E+10    0.0
39    2       3.88949692099738E+11 5.383E+05 5.186E+11 1.000E+00 5.2E+09    0.0
40    2       9.79041509971384E+10 2.699E+05 1.305E+11 1.000E+00 1.3E+09    0.0
41    2       2.46437850205316E+10 1.353E+05 3.286E+10 1.000E+00 3.3E+08    0.0
42    2       6.20313156715766E+09 6.783E+04 8.270E+09 1.000E+00 8.3E+07    0.0
43    2       1.56138191165607E+09 3.400E+04 2.082E+09 1.000E+00 2.1E+07    0.0
44    2       3.93003551703349E+08 1.705E+04 5.240E+08 1.000E+00 5.2E+06    0.0
45    2       9.89150206106263E+07 8.546E+03 1.319E+08 1.000E+00 1.3E+06    0.0
46    2       2.48934479372982E+07 4.284E+03 3.320E+07 1.000E+00 3.3E+05    0.0
47    2       6.26357476503286E+06 2.147E+03 8.357E+06 1.000E+00 8.4E+04    0.0
48    2       1.57539327044650E+06 1.076E+03 2.104E+06 1.000E+00 2.1E+04    0.0
49    2       3.95928084262819E+05 5.389E+02 5.295E+05 1.000E+00 5.3E+03    0.0
50    2       9.93502010475921E+04 2.697E+02 1.333E+05 1.000E+00 1.3E+03    0.0
51    2       2.48531961123051E+04 1.347E+02 3.355E+04 1.000E+00 3.4E+02    0.0
52    2       6.17946717392462E+03 6.701E+01 8.445E+03 1.000E+00 8.4E+01    0.0
53    2       1.51821248649684E+03 3.309E+01 2.126E+03 1.000E+00 2.1E+01    0.0
54    3       3.64376151483177E+02 1.609E+01 5.350E+02 1.000E+00 5.3E+00    0.0
55    3       8.31798645281296E+01 7.589E+00 1.346E+02 1.000E+00 1.3E+00    0.0
56    3       1.66312199622303E+01 3.362E+00 3.380E+01 1.000E+00 3.4E-01    0.0
57    3       2.04798183416274E+00 1.307E+00 8.463E+00 1.000E+00 8.5E-02    0.0
58    3      -6.45322619436679E-01 3.853E-01 2.057E+00 1.000E+00 2.1E-02    0.0
59    3      -9.77070520414925E-01 6.557E-02 4.476E-01 1.000E+00 4.5E-03    0.0
60    3      -9.97815265864861E-01 4.879E-03 6.698E-02 1.000E+00 6.7E-04    0.0
61    3      -9.99957871257321E-01 2.378E-04 3.660E-03 1.000E+00 3.7E-05    0.0
62    3      -9.99965682780634E-01 3.432E-05 4.634E-05 1.000E+00 4.6E-07    0.0
63    1      -9.99999999662856E-01 1.220E-05 1.189E-06 1.415E-01 1.2E-08    0.0
64    1      -9.99999999655907E-01 1.220E-05 3.367E-07 1.526E-04 3.4E-09    0.0
65    1      -9.99998709301746E-01 1.050E-05 3.367E-07 9.981E-01 3.4E-09    0.0
66    1      -9.99999987035911E-01 8.413E-06 2.090E-07 9.485E-01 2.1E-09    0.0
67    3      -9.99999997944840E-01 2.055E-09 3.973E-09 1.000E+00 4.0E-11    0.0

 Exit with projected gradient = 2.0552E-09 and complementarity = 3.2123E-10
 BQPB: 67 iterations  
 Optimal objective value = -1.0000E+00
 Optimal solution =   2.0000E+00 -2.0000E+00  2.0552E-09
