 Runtime parameters:
   Objective type: Unknown!
   Coarsening type: Unknown!
   Initial partitioning type: Unknown!
   Refinement type: Unknown!
   Perform a 2-hop matching: Yes
   Number of balancing constraints: 1
   Number of refinement iterations: -32767
   Random number seed: -1
   Number of separators: 0
   Compress graph prior to ordering: No
   Detect & order connected components separately: Yes
   Prunning factor for high degree vertices: 1.000000
   Allowed maximum load imbalance: 1.000 

Input Error: Incorrect objective type.
 nbrpool statistics
        nbrpoolsize:            0   nbrpoolcpos:            0
    nbrpoolreallocs:            0

 Runtime parameters:
   Objective type: Unknown!
   Coarsening type: Unknown!
   Initial partitioning type: Unknown!
   Refinement type: Unknown!
   Perform a 2-hop matching: Yes
   Number of balancing constraints: 1
   Number of refinement iterations: -32767
   Random number seed: -1
   Number of separators: 0
   Compress graph prior to ordering: No
   Detect & order connected components separately: Yes
   Prunning factor for high degree vertices: 1.000000
   Allowed maximum load imbalance: 0.971 

Input Error: Incorrect objective type.
 nbrpool statistics
        nbrpoolsize:            0   nbrpoolcpos:            0
    nbrpoolreallocs:            0

 Runtime parameters:
   Objective type: Unknown!
   Coarsening type: Unknown!
   Initial partitioning type: Unknown!
   Refinement type: Unknown!
   Perform a 2-hop matching: Yes
   Number of balancing constraints: 1
   Number of refinement iterations: -32767
   Random number seed: -1
   Number of separators: 0
   Compress graph prior to ordering: No
   Detect & order connected components separately: Yes
   Prunning factor for high degree vertices: 1.000000
   Allowed maximum load imbalance: 0.971 

Input Error: Incorrect objective type.
 nbrpool statistics
        nbrpoolsize:            0   nbrpoolcpos:            0
    nbrpoolreallocs:            0

 Runtime parameters:
   Objective type: Unknown!
   Coarsening type: Unknown!
   Initial partitioning type: Unknown!
   Refinement type: Unknown!
   Perform a 2-hop matching: Yes
   Number of balancing constraints: 1
   Number of refinement iterations: -32767
   Random number seed: -1
   Number of separators: 0
   Compress graph prior to ordering: No
   Detect & order connected components separately: Yes
   Prunning factor for high degree vertices: 1.000000
   Allowed maximum load imbalance: 1.000 

Input Error: Incorrect objective type.
 nbrpool statistics
        nbrpoolsize:            0   nbrpoolcpos:            0
    nbrpoolreallocs:            0

 Runtime parameters:
   Objective type: Unknown!
   Coarsening type: Unknown!
   Initial partitioning type: Unknown!
   Refinement type: Unknown!
   Perform a 2-hop matching: Yes
   Number of balancing constraints: 1
   Number of refinement iterations: -32767
   Random number seed: -1
   Number of separators: -1074790400
   Compress graph prior to ordering: No
   Detect & order connected components separately: Yes
   Prunning factor for high degree vertices: 1.000000
   Allowed maximum load imbalance: 1.000 

Input Error: Incorrect objective type.
 nbrpool statistics
        nbrpoolsize:            0   nbrpoolcpos:            0
    nbrpoolreallocs:            0

 Runtime parameters:
   Objective type: Unknown!
   Coarsening type: Unknown!
   Initial partitioning type: Unknown!
   Refinement type: Unknown!
   Perform a 2-hop matching: Yes
   Number of balancing constraints: 1
   Number of refinement iterations: -32767
   Random number seed: -1
   Number of separators: -1074790400
   Compress graph prior to ordering: No
   Detect & order connected components separately: Yes
   Prunning factor for high degree vertices: 1.000000
   Allowed maximum load imbalance: 1.000 

Input Error: Incorrect objective type.
 nbrpool statistics
        nbrpoolsize:            0   nbrpoolcpos:            0
    nbrpoolreallocs:            0

 problem dimensions before preprocessing: 
 n = 3 m = 2 ao_ne = 7 a_ne = 4
 problem dimensions after preprocessing: 
 n = 3 m = 2 ao_ne = 7 a_ne = 4

 1 equality from 2 constraints

  maximum element of Ao = 1.0000E+00
  maximum element of A  = 2.0000E+00

  Primal    convergence tolerance = 6.8285E-06
  Dual      convergence tolerance = 6.8285E-06
  Slackness convergence tolerance = 6.8285E-06

 Iter   p-feas  d-feas com-slk    obj     step   target   arc bt     time
    0  1.0E+04 1.7E+04 2.0E+07  1.0E+08     -   2.0E+05    -   -     0.00
    1r 4.5E+00 7.8E+00 1.7E+05  6.7E+01 1.0E+00 1.7E+03  0TZh  0     0.00

 ========================= feasible point found =========================

    2r 2.9E-13 3.0E-04 5.6E+03  2.0E+01 1.0E+00 5.6E+01  0TZh  0     0.00
    3r 6.9E-13 2.5E-12 5.6E+01  2.0E+01 1.0E+00 5.6E-01  0TZh  0     0.00
    4r 1.5E-13 5.2E-13 1.3E+01  1.9E+01 5.4E-01 1.3E-01  2PZh  0     0.00
    5r 1.8E-15 4.3E-15 2.9E+00  3.8E+00 9.9E-01 2.9E-02  0TZh  0     0.00
    6r 2.2E-16 1.2E-15 5.7E-01  6.8E-01 9.0E-01 5.7E-03  2PZh  0     0.00
    7r 0.0E+00 5.8E-10 1.3E-02  6.9E-01 9.0E-01 1.3E-04  2PZh  0     0.00
    8r 0.0E+00 4.2E-11 4.4E-04  6.8E-01 7.3E-01 4.4E-06  2PZh  0     0.00
    9r 1.8E-06 5.2E-16 4.0E-06  6.8E-01 1.0E+00 4.4E-06  2PZh  0     0.00

  Final objective function value is 6.78570167883163E-01
  Total number of iterations = 9
  Total number of backtracks = 0

  Norm of projected gradient is 1.8201E-05
  Norm of infeasibility is 1.7650E-06
  gamma_c,f are 2.4993E-09 5.0006E-02
  Maximum order 2 Puiseux fit to the Zhang arc is used
  Computed constraint residual is 1.7650E-06
  Indicators: n_active/n, m_active/m = 0/3, 2/2
  changes in predicted X/C_stat = 0, 1, pouncing for solution ...
  pounce successful, optimal solution found
  Linear system solver sytr is used
  Primal-dual indicators used

    =-=-=-=-=-=-=-=-=-=-=-=-=-=-=-=-=-=-=-=-=-=-=-=-=-=-=-=-=-=-=-=-=-=
    =                            total time                           =
    =                                0.00                             =
    =    preprocess    analyse    factorize     solve     crossover   =
    =        0.00        0.00        0.00        0.00        0.00     =
    =-=-=-=-=-=-=-=-=-=-=-=-=-=-=-=-=-=-=-=-=-=-=-=-=-=-=-=-=-=-=-=-=-=
 CLLS: 9 iterations  
 Optimal objective value =  6.7857E-01
 Optimal solution =   7.8571E-01  4.2857E-01  1.5714E+00
