
 problem dimensions before preprocessing: 
 n =        3 m =        2 a_ne =        4 h_ne =        4
 problem dimensions after preprocessing: 
 n =        3 m =        2 a_ne =        4 h_ne =        4

 1 equality from 2 constraints

  maximum element of A = 2.0000E+00
  maximum element of H = 3.0000E+00

  Primal convergence tolerance = 6.8285E-06

                           <-   arcsearch   ->  <-    subsapce   ->
 Iter    dual obj   p-feas  active   +/-   step  active   +/-   step    time
    0   1.0000E+00 1.0E+00       -     -    -         -     -    -      0.00
    1  -2.3333E+00 0.0E+00       1     2 1.E+00       0     1 1.E+00    0.00

  Final objective function value is -3.33333333333333E-01
  Total number of iterations = 1
  Norm of primal infeasibility is 0.0000E+00
  Norm of dual infeasibility is 2.6667E+00
  Iterative subspace solver used, 1 iterations taken in total
  Definite linear system solver sils (preconditioner = 0) is used

    =-=-=-=-=-=-=-=-=-=-=-=-=-=-=-=-=-=-=-=-=-=-=-=-=-=-=-=-=-=-=-=-=-=
    =                          DQP total time                         =
    =                                0.07                             =
    =    preprocess    analyse    factorize     solve       search    =
    =        0.00        0.00        0.00        0.00        0.00     =
    =-=-=-=-=-=-=-=-=-=-=-=-=-=-=-=-=-=-=-=-=-=-=-=-=-=-=-=-=-=-=-=-=-=
 DQP: 1 iterations  
 Optimal objective value = -3.3333E-01
 Optimal solution =   1.0000E+00 -1.0000E+00  3.3333E-01
