 Compute R <- alpha*A*X + beta*R .....

   *************************************************************
   *                     BEGIN: mop_Ax                         *
   *        GALAHAD sparse matrix operation subroutine         *
   *************************************************************

     A%type = COORDINATE
     A%id   = Toy 2x3 matrix

     transpose = F     m =     2     alpha = 3.0000000000E+00
     symmetric = F     n =     3     beta  = 2.0000000000E+00

       A%row         A%col             A%val    
       -----         -----         -------------
           1             1        1.0000000000E+00
           1             2        2.0000000000E+00
           1             3        3.0000000000E+00
           2             1        4.0000000000E+00
           2             2        5.0000000000E+00
           2             3        6.0000000000E+00

              X                   R(in)
          ---------             ---------
      1.0000000000E+00      3.0000000000E+00
      1.0000000000E+00      3.0000000000E+00
      1.0000000000E+00

          R (out)   
       -------------
      2.4000000000E+01
      5.1000000000E+01

   *************************************************************
   *                      END: mop_Ax                          *
   *************************************************************

 Scale rows of A by u and columns by v .....
   *************************************************************
   *                 BEGIN: mop_scaleA                         *
   *        GALAHAD sparse matrix operation subroutine         *
   *************************************************************

             ----------------------------
                  Matrix Pre-scaling
             ----------------------------

     A%type    = COORDINATE
     A%id      = Toy 2x3 matrix
     SYMMETRIC = F

     (m,n) = (     2,     3)

       A%row         A%col             A%val    
       -----         -----         -------------
           1             1        1.0000000000E+00
           1             2        2.0000000000E+00
           1             3        3.0000000000E+00
           2             1        4.0000000000E+00
           2             2        5.0000000000E+00
           2             3        6.0000000000E+00

              u                     v
          ---------             ---------
      2.0000000000E+00      3.0000000000E+00
     -1.0000000000E+00      1.0000000000E+00
                            2.0000000000E+00

             -----------------------------
                  Matrix Post-scaling
             -----------------------------

       A%row         A%col             A%val    
       -----         -----         -------------
           1             1        6.0000000000E+00
           1             2        4.0000000000E+00
           1             3        1.2000000000E+01
           2             1       -1.2000000000E+01
           2             2       -5.0000000000E+00
           2             3       -1.2000000000E+01

   *************************************************************
   *                  END: mop_scaleA                          *
   *************************************************************

 Obtain the (1,2) element of the scaled matrix A .....

   *************************************************************
   *                     BEGIN: mop_getval                     *
   *      GALAHAD gets a single element of a sparse matrix     *
   *************************************************************

     A%type = COORDINATE
     A%id   = Toy 2x3 matrix

     m =     2     row =     1     symmetric = F
     n =     3     col =     2

       A%row         A%col             A%val    
       -----         -----         -------------
           1             1        6.0000000000E+00
           1             2        4.0000000000E+00
           1             3        1.2000000000E+01
           2             1       -1.2000000000E+01
           2             2       -5.0000000000E+00
           2             3       -1.2000000000E+01

     ON EXIT: value =  4.000000000E+00

   *************************************************************
   *                      END: mop_getval                      *
   *************************************************************

 The value of the (1,2) element of the scaled matrix is   4.0000000000000000     
