
 error exit tests 

 3: QPB_solve exit status =     -3
 4: QPB_solve exit status =     -4
 5: QPB_solve exit status =    -10
17: QPB_solve exit status =    -10
18: QPB_solve exit status =    -10
19: QPB_solve exit status =    -19
23: QPB_solve exit status =    -23
 7: QPB_solve exit status =    -18

 basic tests of storage formats 

I1: QPB_solve exit status =    -10
I2: QPB_solve exit status =    -10
D1: QPB_solve exit status =    -10
D2: QPB_solve exit status =    -10
R1: QPB_solve exit status =    -10
R2: QPB_solve exit status =    -10
C1: QPB_solve exit status =    -10
C2: QPB_solve exit status =    -10

 basic tests of options 

 0:    -1 iterations. Optimal objective value =    0.1 status =      0
 1:    -1 iterations. Optimal objective value =    0.1 status =      0
 2:    -1 iterations. Optimal objective value =    0.1 status =      0
 3:    -1 iterations. Optimal objective value =    0.1 status =      0
 4:    -1 iterations. Optimal objective value =    0.1 status =      0
 5:    -1 iterations. Optimal objective value =    0.1 status =      0
 6:    -1 iterations. Optimal objective value =    0.1 status =      0
 7:    -1 iterations. Optimal objective value =    0.1 status =      0
 8:    -1 iterations. Optimal objective value =    0.1 status =      0
 9:    -1 iterations. Optimal objective value =    0.1 status =      0
10:    -1 iterations. Optimal objective value =    0.1 status =      0
11:    -1 iterations. Optimal objective value =    0.1 status =      0
12:    -1 iterations. Optimal objective value =    0.1 status =      0
13:    -1 iterations. Optimal objective value =    0.1 status =      0
14:    -1 iterations. Optimal objective value =    0.1 status =      0
15:    -1 iterations. Optimal objective value =    0.1 status =      0
16:    -1 iterations. Optimal objective value =    0.1 status =      0
17:    -1 iterations. Optimal objective value =    0.1 status =      0
18:    -1 iterations. Optimal objective value =    0.1 status =      0
19:    -1 iterations. Optimal objective value =    0.1 status =      0
20:    -1 iterations. Optimal objective value =    0.1 status =      0
21:    -1 iterations. Optimal objective value =    0.1 status =      0
22:    -1 iterations. Optimal objective value =    0.3 status =      0

 full test of generic problems 

 1:    -1 iterations. Optimal objective value =    2.5 status =      0
 2:    -1 iterations. Optimal objective value =    2.0 status =      0
