
 ------------------------------------------------------------------------------
 --------------------          BEGIN: CHECK_verify         --------------------
 ------------------------------------------------------------------------------

                   EXPENSIVE VERIFICATION OF THE GRADIENT G(X)

     Component      Ok      Difference            Value             Error
  --------------   ---   ----------------   ----------------   ----------------
  G(          1)    OK    9.999999891E-01    1.000000000E+00    5.437063107E-09
  G(          2)    OK    9.000000276E+00    9.000000000E+00    2.755274155E-08
  G(          3)    OK    0.000000000E+00    0.000000000E+00    0.000000000E+00

                   EXPENSIVE VERIFICATION OF THE JACOBIAN C(X)

     Component      Ok      Difference            Value             Error
  --------------   ---   ----------------   ----------------   ----------------
  J(    1,    1)    OK    9.999999891E-01    1.000000000E+00    5.437063107E-09
  J(    2,    1)    OK    0.000000000E+00    0.000000000E+00    0.000000000E+00
  J(    1,    2)    OK    1.800000025E+01    1.800000000E+01    1.328101027E-08
  J(    2,    2)    OK   -1.080000049E+02   -1.080000000E+02    4.540609994E-08
  J(    1,    3)    OK    2.100000052E+01    2.100000000E+01    2.356511149E-08
  J(    2,    3)    OK    0.000000000E+00    0.000000000E+00    0.000000000E+00

                   EXPENSIVE VERIFICATION OF THE HESSIAN H(X,Y)

     Component      Ok      Difference            Value             Error
  --------------   ---   ----------------   ----------------   ----------------
  H(    1,    1)    OK    0.000000000E+00    0.000000000E+00    0.000000000E+00
  H(    2,    1)    OK    0.000000000E+00    0.000000000E+00    0.000000000E+00
  H(    3,    1)    OK    0.000000000E+00    0.000000000E+00    0.000000000E+00
  H(    1,    2)    OK    0.000000000E+00    0.000000000E+00    0.000000000E+00
  H(    2,    2)    OK    3.180000098E+02    3.180000000E+02    3.083032558E-08
  H(    3,    2)    OK   -1.200000017E+01   -1.200000000E+01    1.294047150E-08
  H(    1,    3)    OK    0.000000000E+00    0.000000000E+00    0.000000000E+00
  H(    2,    3)    OK   -1.200000017E+01   -1.200000000E+01    1.294047150E-08
  H(    3,    3)    OK   -2.400000049E+01   -2.400000000E+01    1.943240311E-08

              ---------------------------------------------------
              |                     SUMMARY                     |
              |             ( Verify : Expensive )              |
              ---------------------------------------------------

              THE GRADIENT OF THE OBJECTIVE FUNCTION IS ---- [OK]

              THE JACOBIAN OF THE CONSTRAINT FUNCTION IS --- [OK]

              THE HESSIAN OF THE LAGRANGIAN FUNCTION IS ---- [OK]

            -------------------------------------------------------
            |                CONTROL PARAMETERS                   |
            -------------------------------------------------------

            checkG =  T   f_available =  1   deall_error_fatal =  F
            checkJ =  T   c_available =  1   print_level       =  3
            checkH =  T   g_available =  1   verify_level      =  2
            error  =  6   J_available =  1   out               =  6
                          H_available =  1

               ----------------------------------------------
               |                MATRIX DATA                 |
               ----------------------------------------------

               J%type --- COORDINATE
               J%id   --- Toy 2x3 matrix
               H%type --- COORDINATE
               H%id   --- Toy 3x3 hessian matrix

               m =      2
               n =      3

                 J%row         J%col             J%val    
                 -----         -----       -----------------
                     1             1        1.0000000000E+00
                     1             2        1.8000000571E+01
                     1             3        2.1000001142E+01
                     2             2       -1.0800000000E+02

                 H%row         H%col             H%val    
                 -----         -----        ----------------
                     2             2        3.1800000000E+02
                     3             2       -1.2000000000E+01
                     3             3       -2.4000000000E+01

                                EXIT STATUS :   0

 ------------------------------------------------------------------------------
 --------------------           END: CHECK_verify          --------------------
 ------------------------------------------------------------------------------
