 fortran sparse matrix indexing

 SNLS(JF):     5 iterations. Optimal objective value =  5.50 status = 0
  j            1
  f scol nz =            1
  row            0
  lp out =            1
  f scol nz =            2
  row            0           1
  lp out =            2
  f scol nz =            2
  row            2           3
  lp out =            2
  f scol nz =            1
  row            3
  lp out =            1
  j            1
  f scol nz =            1
  row            0
  lp out =            1
  f scol nz =            2
  row            0           1
  lp out =            2
  f scol nz =            2
  row            2           3
  lp out =            2
  f scol nz =            1
  row            3
  lp out =            1
  j            1
  f scol nz =            1
  row            0
  lp out =            1
  f scol nz =            2
  row            0           1
  lp out =            2
  f scol nz =            2
  row            2           3
  lp out =            2
  f scol nz =            1
  row            3
  lp out =            1
  j            1
  f scol nz =            1
  row            0
  lp out =            1
  f scol nz =            2
  row            0           1
  lp out =            2
  f scol nz =            2
  row            2           3
  lp out =            2
  f scol nz =            1
  row            3
  lp out =            1
  j            1
  f scol nz =            1
  row            0
  lp out =            1
  f scol nz =            2
  row            0           1
  lp out =            2
  f scol nz =            2
  row            2           3
  lp out =            2
  f scol nz =            1
  row            3
  lp out =            1
  j            1
  f scol nz =            1
  row            0
  lp out =            1
  f scol nz =            2
  row            0           1
  lp out =            2
  f scol nz =            2
  row            2           3
  lp out =            2
  f scol nz =            1
  row            3
  lp out =            1
  j            1
  f scol nz =            1
  row            0
  lp out =            1
  f scol nz =            2
  row            0           1
  lp out =            2
  f scol nz =            2
  row            2           3
  lp out =            2
  f scol nz =            1
  row            3
  lp out =            1
  j            1
  f scol nz =            1
  row            0
  lp out =            1
  f scol nz =            2
  row            0           1
  lp out =            2
  f scol nz =            2
  row            2           3
  lp out =            2
  f scol nz =            1
  row            3
  lp out =            1
  j            1
  f scol nz =            1
  row            0
  lp out =            1
  f scol nz =            2
  row            0           1
  lp out =            2
  f scol nz =            2
  row            2           3
  lp out =            2
  f scol nz =            1
  row            3
  lp out =            1
  j            1
  f scol nz =            1
  row            0
  lp out =            1
  f scol nz =            2
  row            0           1
  lp out =            2
  f scol nz =            2
  row            2           3
  lp out =            2
  f scol nz =            1
  row            3
  lp out =            1
  j            1
  f scol nz =            1
  row            0
  lp out =            1
  f scol nz =            2
  row            0           1
  lp out =            2
  f scol nz =            2
  row            2           3
  lp out =            2
  f scol nz =            1
  row            3
  lp out =            1
  f scol nz =            1
  row            3
  lp out =            1
  f scol nz =            2
  row            2           3
  lp out =            2
  j            1
  f scol nz =            1
  row            0
  lp out =            1
  f scol nz =            2
  row            0           1
  lp out =            2
  j            1
  f scol nz =            1
  row            0
  lp out =            1
  f scol nz =            2
  row            0           1
  lp out =            2
  j            1
  f scol nz =            1
  row            0
  lp out =            1
 SNLS(PF):     5 iterations. Optimal objective value =  5.50 status = 0
 SNLS(JR):     5 iterations. Optimal objective value =  5.50 status = 0
 SNLS(PR):     5 iterations. Optimal objective value =  5.50 status = 0
  f scol nz =            2
  row            0           1
  lp out =            2
  j            1
  j            1
  j            1
  j            1
  j            1
  j            1
  j            1
  j            1
  j            1
  j            1
  j            1
  j            1
  j            1
  j            1
