forrtl: warning (406): fort: (1): In call to LSQP_MERIT_VALUE, an array temporary was created for argument #14

Image              PC                Routine            Line        Source             
run_lsqp           0000000001A4C03F  Unknown               Unknown  Unknown
run_lsqp           00000000008A9FC2  galahad_lsqp_doub        4686  lsqp.f90
run_lsqp           000000000084FC0A  galahad_lsqp_doub        2261  lsqp.f90
run_lsqp           00000000008FE0AC  galahad_lsqp_doub        7752  lsqp.f90
run_lsqp           000000000040EAA3  lsqp_solve_qp             712  lsqp_ciface.f90
run_lsqp           0000000000407959  main                       61  lsqpct.c
libc-2.31.so       00001528439DC0B3  __libc_start_main     Unknown  Unknown
run_lsqp           000000000040702E  Unknown               Unknown  Unknown
forrtl: warning (406): fort: (1): In call to LSQP_MERIT_VALUE, an array temporary was created for argument #15

Image              PC                Routine            Line        Source             
run_lsqp           0000000001A4C03F  Unknown               Unknown  Unknown
run_lsqp           00000000008AA031  galahad_lsqp_doub        4686  lsqp.f90
run_lsqp           000000000084FC0A  galahad_lsqp_doub        2261  lsqp.f90
run_lsqp           00000000008FE0AC  galahad_lsqp_doub        7752  lsqp.f90
run_lsqp           000000000040EAA3  lsqp_solve_qp             712  lsqp_ciface.f90
run_lsqp           0000000000407959  main                       61  lsqpct.c
libc-2.31.so       00001528439DC0B3  __libc_start_main     Unknown  Unknown
run_lsqp           000000000040702E  Unknown               Unknown  Unknown
forrtl: warning (406): fort: (1): In call to LSQP_MERIT_VALUE, an array temporary was created for argument #14

Image              PC                Routine            Line        Source             
run_lsqp           0000000001A4C03F  Unknown               Unknown  Unknown
run_lsqp           00000000008A9FC2  galahad_lsqp_doub        4686  lsqp.f90
run_lsqp           000000000084FC0A  galahad_lsqp_doub        2261  lsqp.f90
run_lsqp           00000000008FE0AC  galahad_lsqp_doub        7752  lsqp.f90
run_lsqp           000000000040EAA3  lsqp_solve_qp             712  lsqp_ciface.f90
run_lsqp           0000000000407959  main                       61  lsqpct.c
libc-2.31.so       00001528439DC0B3  __libc_start_main     Unknown  Unknown
run_lsqp           000000000040702E  Unknown               Unknown  Unknown
forrtl: warning (406): fort: (1): In call to LSQP_MERIT_VALUE, an array temporary was created for argument #15

Image              PC                Routine            Line        Source             
run_lsqp           0000000001A4C03F  Unknown               Unknown  Unknown
run_lsqp           00000000008AA031  galahad_lsqp_doub        4686  lsqp.f90
run_lsqp           000000000084FC0A  galahad_lsqp_doub        2261  lsqp.f90
run_lsqp           00000000008FE0AC  galahad_lsqp_doub        7752  lsqp.f90
run_lsqp           000000000040EAA3  lsqp_solve_qp             712  lsqp_ciface.f90
run_lsqp           0000000000407959  main                       61  lsqpct.c
libc-2.31.so       00001528439DC0B3  __libc_start_main     Unknown  Unknown
run_lsqp           000000000040702E  Unknown               Unknown  Unknown
forrtl: warning (406): fort: (1): In call to LSQP_MERIT_VALUE, an array temporary was created for argument #14

Image              PC                Routine            Line        Source             
run_lsqp           0000000001A4C03F  Unknown               Unknown  Unknown
run_lsqp           00000000008A9FC2  galahad_lsqp_doub        4686  lsqp.f90
run_lsqp           000000000084FC0A  galahad_lsqp_doub        2261  lsqp.f90
run_lsqp           00000000008FE0AC  galahad_lsqp_doub        7752  lsqp.f90
run_lsqp           000000000040EAA3  lsqp_solve_qp             712  lsqp_ciface.f90
run_lsqp           0000000000407959  main                       61  lsqpct.c
libc-2.31.so       00001528439DC0B3  __libc_start_main     Unknown  Unknown
run_lsqp           000000000040702E  Unknown               Unknown  Unknown
forrtl: warning (406): fort: (1): In call to LSQP_MERIT_VALUE, an array temporary was created for argument #15

Image              PC                Routine            Line        Source             
run_lsqp           0000000001A4C03F  Unknown               Unknown  Unknown
run_lsqp           00000000008AA031  galahad_lsqp_doub        4686  lsqp.f90
run_lsqp           000000000084FC0A  galahad_lsqp_doub        2261  lsqp.f90
run_lsqp           00000000008FE0AC  galahad_lsqp_doub        7752  lsqp.f90
run_lsqp           000000000040EAA3  lsqp_solve_qp             712  lsqp_ciface.f90
run_lsqp           0000000000407959  main                       61  lsqpct.c
libc-2.31.so       00001528439DC0B3  __libc_start_main     Unknown  Unknown
run_lsqp           000000000040702E  Unknown               Unknown  Unknown
forrtl: warning (406): fort: (1): In call to LSQP_MERIT_VALUE, an array temporary was created for argument #14

Image              PC                Routine            Line        Source             
run_lsqp           0000000001A4C03F  Unknown               Unknown  Unknown
run_lsqp           00000000008A9FC2  galahad_lsqp_doub        4686  lsqp.f90
run_lsqp           000000000084FC0A  galahad_lsqp_doub        2261  lsqp.f90
run_lsqp           00000000008FE0AC  galahad_lsqp_doub        7752  lsqp.f90
run_lsqp           000000000040EAA3  lsqp_solve_qp             712  lsqp_ciface.f90
run_lsqp           0000000000407959  main                       61  lsqpct.c
libc-2.31.so       00001528439DC0B3  __libc_start_main     Unknown  Unknown
run_lsqp           000000000040702E  Unknown               Unknown  Unknown
forrtl: warning (406): fort: (1): In call to LSQP_MERIT_VALUE, an array temporary was created for argument #15

Image              PC                Routine            Line        Source             
run_lsqp           0000000001A4C03F  Unknown               Unknown  Unknown
run_lsqp           00000000008AA031  galahad_lsqp_doub        4686  lsqp.f90
run_lsqp           000000000084FC0A  galahad_lsqp_doub        2261  lsqp.f90
run_lsqp           00000000008FE0AC  galahad_lsqp_doub        7752  lsqp.f90
run_lsqp           000000000040EAA3  lsqp_solve_qp             712  lsqp_ciface.f90
run_lsqp           0000000000407959  main                       61  lsqpct.c
libc-2.31.so       00001528439DC0B3  __libc_start_main     Unknown  Unknown
run_lsqp           000000000040702E  Unknown               Unknown  Unknown
forrtl: warning (406): fort: (1): In call to LSQP_MERIT_VALUE, an array temporary was created for argument #14

Image              PC                Routine            Line        Source             
run_lsqp           0000000001A4C03F  Unknown               Unknown  Unknown
run_lsqp           00000000008A9FC2  galahad_lsqp_doub        4686  lsqp.f90
run_lsqp           000000000084FC0A  galahad_lsqp_doub        2261  lsqp.f90
run_lsqp           00000000008FE0AC  galahad_lsqp_doub        7752  lsqp.f90
run_lsqp           000000000040EAA3  lsqp_solve_qp             712  lsqp_ciface.f90
run_lsqp           0000000000407959  main                       61  lsqpct.c
libc-2.31.so       00001528439DC0B3  __libc_start_main     Unknown  Unknown
run_lsqp           000000000040702E  Unknown               Unknown  Unknown
forrtl: warning (406): fort: (1): In call to LSQP_MERIT_VALUE, an array temporary was created for argument #15

Image              PC                Routine            Line        Source             
run_lsqp           0000000001A4C03F  Unknown               Unknown  Unknown
run_lsqp           00000000008AA031  galahad_lsqp_doub        4686  lsqp.f90
run_lsqp           000000000084FC0A  galahad_lsqp_doub        2261  lsqp.f90
run_lsqp           00000000008FE0AC  galahad_lsqp_doub        7752  lsqp.f90
run_lsqp           000000000040EAA3  lsqp_solve_qp             712  lsqp_ciface.f90
run_lsqp           0000000000407959  main                       61  lsqpct.c
libc-2.31.so       00001528439DC0B3  __libc_start_main     Unknown  Unknown
run_lsqp           000000000040702E  Unknown               Unknown  Unknown
forrtl: warning (406): fort: (1): In call to LSQP_MERIT_VALUE, an array temporary was created for argument #14

Image              PC                Routine            Line        Source             
run_lsqp           0000000001A4C03F  Unknown               Unknown  Unknown
run_lsqp           00000000008A9FC2  galahad_lsqp_doub        4686  lsqp.f90
run_lsqp           000000000084FC0A  galahad_lsqp_doub        2261  lsqp.f90
run_lsqp           00000000008FE0AC  galahad_lsqp_doub        7752  lsqp.f90
run_lsqp           000000000040EAA3  lsqp_solve_qp             712  lsqp_ciface.f90
run_lsqp           0000000000407959  main                       61  lsqpct.c
libc-2.31.so       00001528439DC0B3  __libc_start_main     Unknown  Unknown
run_lsqp           000000000040702E  Unknown               Unknown  Unknown
forrtl: warning (406): fort: (1): In call to LSQP_MERIT_VALUE, an array temporary was created for argument #15

Image              PC                Routine            Line        Source             
run_lsqp           0000000001A4C03F  Unknown               Unknown  Unknown
run_lsqp           00000000008AA031  galahad_lsqp_doub        4686  lsqp.f90
run_lsqp           000000000084FC0A  galahad_lsqp_doub        2261  lsqp.f90
run_lsqp           00000000008FE0AC  galahad_lsqp_doub        7752  lsqp.f90
run_lsqp           000000000040EAA3  lsqp_solve_qp             712  lsqp_ciface.f90
run_lsqp           0000000000407959  main                       61  lsqpct.c
libc-2.31.so       00001528439DC0B3  __libc_start_main     Unknown  Unknown
run_lsqp           000000000040702E  Unknown               Unknown  Unknown
forrtl: warning (406): fort: (1): In call to LSQP_MERIT_VALUE, an array temporary was created for argument #14

Image              PC                Routine            Line        Source             
run_lsqp           0000000001A4C03F  Unknown               Unknown  Unknown
run_lsqp           00000000008A9FC2  galahad_lsqp_doub        4686  lsqp.f90
run_lsqp           000000000084FC0A  galahad_lsqp_doub        2261  lsqp.f90
run_lsqp           00000000008FE0AC  galahad_lsqp_doub        7752  lsqp.f90
run_lsqp           000000000040EAA3  lsqp_solve_qp             712  lsqp_ciface.f90
run_lsqp           0000000000407959  main                       61  lsqpct.c
libc-2.31.so       00001528439DC0B3  __libc_start_main     Unknown  Unknown
run_lsqp           000000000040702E  Unknown               Unknown  Unknown
forrtl: warning (406): fort: (1): In call to LSQP_MERIT_VALUE, an array temporary was created for argument #15

Image              PC                Routine            Line        Source             
run_lsqp           0000000001A4C03F  Unknown               Unknown  Unknown
run_lsqp           00000000008AA031  galahad_lsqp_doub        4686  lsqp.f90
run_lsqp           000000000084FC0A  galahad_lsqp_doub        2261  lsqp.f90
run_lsqp           00000000008FE0AC  galahad_lsqp_doub        7752  lsqp.f90
run_lsqp           000000000040EAA3  lsqp_solve_qp             712  lsqp_ciface.f90
run_lsqp           0000000000407959  main                       61  lsqpct.c
libc-2.31.so       00001528439DC0B3  __libc_start_main     Unknown  Unknown
run_lsqp           000000000040702E  Unknown               Unknown  Unknown
forrtl: warning (406): fort: (1): In call to LSQP_MERIT_VALUE, an array temporary was created for argument #14

Image              PC                Routine            Line        Source             
run_lsqp           0000000001A4C03F  Unknown               Unknown  Unknown
run_lsqp           00000000008A9FC2  galahad_lsqp_doub        4686  lsqp.f90
run_lsqp           000000000084FC0A  galahad_lsqp_doub        2261  lsqp.f90
run_lsqp           00000000008FE0AC  galahad_lsqp_doub        7752  lsqp.f90
run_lsqp           000000000040EAA3  lsqp_solve_qp             712  lsqp_ciface.f90
run_lsqp           0000000000407C56  main                       70  lsqpct.c
libc-2.31.so       00001528439DC0B3  __libc_start_main     Unknown  Unknown
run_lsqp           000000000040702E  Unknown               Unknown  Unknown
forrtl: warning (406): fort: (1): In call to LSQP_MERIT_VALUE, an array temporary was created for argument #15

Image              PC                Routine            Line        Source             
run_lsqp           0000000001A4C03F  Unknown               Unknown  Unknown
run_lsqp           00000000008AA031  galahad_lsqp_doub        4686  lsqp.f90
run_lsqp           000000000084FC0A  galahad_lsqp_doub        2261  lsqp.f90
run_lsqp           00000000008FE0AC  galahad_lsqp_doub        7752  lsqp.f90
run_lsqp           000000000040EAA3  lsqp_solve_qp             712  lsqp_ciface.f90
run_lsqp           0000000000407C56  main                       70  lsqpct.c
libc-2.31.so       00001528439DC0B3  __libc_start_main     Unknown  Unknown
run_lsqp           000000000040702E  Unknown               Unknown  Unknown
forrtl: warning (406): fort: (1): In call to LSQP_MERIT_VALUE, an array temporary was created for argument #14

Image              PC                Routine            Line        Source             
run_lsqp           0000000001A4C03F  Unknown               Unknown  Unknown
run_lsqp           00000000008A9FC2  galahad_lsqp_doub        4686  lsqp.f90
run_lsqp           000000000084FC0A  galahad_lsqp_doub        2261  lsqp.f90
run_lsqp           00000000008FE0AC  galahad_lsqp_doub        7752  lsqp.f90
run_lsqp           000000000040EAA3  lsqp_solve_qp             712  lsqp_ciface.f90
run_lsqp           0000000000407C56  main                       70  lsqpct.c
libc-2.31.so       00001528439DC0B3  __libc_start_main     Unknown  Unknown
run_lsqp           000000000040702E  Unknown               Unknown  Unknown
forrtl: warning (406): fort: (1): In call to LSQP_MERIT_VALUE, an array temporary was created for argument #15

Image              PC                Routine            Line        Source             
run_lsqp           0000000001A4C03F  Unknown               Unknown  Unknown
run_lsqp           00000000008AA031  galahad_lsqp_doub        4686  lsqp.f90
run_lsqp           000000000084FC0A  galahad_lsqp_doub        2261  lsqp.f90
run_lsqp           00000000008FE0AC  galahad_lsqp_doub        7752  lsqp.f90
run_lsqp           000000000040EAA3  lsqp_solve_qp             712  lsqp_ciface.f90
run_lsqp           0000000000407C56  main                       70  lsqpct.c
libc-2.31.so       00001528439DC0B3  __libc_start_main     Unknown  Unknown
run_lsqp           000000000040702E  Unknown               Unknown  Unknown
forrtl: warning (406): fort: (1): In call to LSQP_MERIT_VALUE, an array temporary was created for argument #14

Image              PC                Routine            Line        Source             
run_lsqp           0000000001A4C03F  Unknown               Unknown  Unknown
run_lsqp           00000000008A9FC2  galahad_lsqp_doub        4686  lsqp.f90
run_lsqp           000000000084FC0A  galahad_lsqp_doub        2261  lsqp.f90
run_lsqp           00000000008FE0AC  galahad_lsqp_doub        7752  lsqp.f90
run_lsqp           000000000040EAA3  lsqp_solve_qp             712  lsqp_ciface.f90
run_lsqp           0000000000407C56  main                       70  lsqpct.c
libc-2.31.so       00001528439DC0B3  __libc_start_main     Unknown  Unknown
run_lsqp           000000000040702E  Unknown               Unknown  Unknown
forrtl: warning (406): fort: (1): In call to LSQP_MERIT_VALUE, an array temporary was created for argument #15

Image              PC                Routine            Line        Source             
run_lsqp           0000000001A4C03F  Unknown               Unknown  Unknown
run_lsqp           00000000008AA031  galahad_lsqp_doub        4686  lsqp.f90
run_lsqp           000000000084FC0A  galahad_lsqp_doub        2261  lsqp.f90
run_lsqp           00000000008FE0AC  galahad_lsqp_doub        7752  lsqp.f90
run_lsqp           000000000040EAA3  lsqp_solve_qp             712  lsqp_ciface.f90
run_lsqp           0000000000407C56  main                       70  lsqpct.c
libc-2.31.so       00001528439DC0B3  __libc_start_main     Unknown  Unknown
run_lsqp           000000000040702E  Unknown               Unknown  Unknown
forrtl: warning (406): fort: (1): In call to LSQP_MERIT_VALUE, an array temporary was created for argument #14

Image              PC                Routine            Line        Source             
run_lsqp           0000000001A4C03F  Unknown               Unknown  Unknown
run_lsqp           00000000008A9FC2  galahad_lsqp_doub        4686  lsqp.f90
run_lsqp           000000000084FC0A  galahad_lsqp_doub        2261  lsqp.f90
run_lsqp           00000000008FE0AC  galahad_lsqp_doub        7752  lsqp.f90
run_lsqp           000000000040EAA3  lsqp_solve_qp             712  lsqp_ciface.f90
run_lsqp           0000000000407C56  main                       70  lsqpct.c
libc-2.31.so       00001528439DC0B3  __libc_start_main     Unknown  Unknown
run_lsqp           000000000040702E  Unknown               Unknown  Unknown
forrtl: warning (406): fort: (1): In call to LSQP_MERIT_VALUE, an array temporary was created for argument #15

Image              PC                Routine            Line        Source             
run_lsqp           0000000001A4C03F  Unknown               Unknown  Unknown
run_lsqp           00000000008AA031  galahad_lsqp_doub        4686  lsqp.f90
run_lsqp           000000000084FC0A  galahad_lsqp_doub        2261  lsqp.f90
run_lsqp           00000000008FE0AC  galahad_lsqp_doub        7752  lsqp.f90
run_lsqp           000000000040EAA3  lsqp_solve_qp             712  lsqp_ciface.f90
run_lsqp           0000000000407C56  main                       70  lsqpct.c
libc-2.31.so       00001528439DC0B3  __libc_start_main     Unknown  Unknown
run_lsqp           000000000040702E  Unknown               Unknown  Unknown
forrtl: warning (406): fort: (1): In call to LSQP_MERIT_VALUE, an array temporary was created for argument #14

Image              PC                Routine            Line        Source             
run_lsqp           0000000001A4C03F  Unknown               Unknown  Unknown
run_lsqp           00000000008A9FC2  galahad_lsqp_doub        4686  lsqp.f90
run_lsqp           000000000084FC0A  galahad_lsqp_doub        2261  lsqp.f90
run_lsqp           00000000008FE0AC  galahad_lsqp_doub        7752  lsqp.f90
run_lsqp           000000000040EAA3  lsqp_solve_qp             712  lsqp_ciface.f90
run_lsqp           0000000000407C56  main                       70  lsqpct.c
libc-2.31.so       00001528439DC0B3  __libc_start_main     Unknown  Unknown
run_lsqp           000000000040702E  Unknown               Unknown  Unknown
forrtl: warning (406): fort: (1): In call to LSQP_MERIT_VALUE, an array temporary was created for argument #15

Image              PC                Routine            Line        Source             
run_lsqp           0000000001A4C03F  Unknown               Unknown  Unknown
run_lsqp           00000000008AA031  galahad_lsqp_doub        4686  lsqp.f90
run_lsqp           000000000084FC0A  galahad_lsqp_doub        2261  lsqp.f90
run_lsqp           00000000008FE0AC  galahad_lsqp_doub        7752  lsqp.f90
run_lsqp           000000000040EAA3  lsqp_solve_qp             712  lsqp_ciface.f90
run_lsqp           0000000000407C56  main                       70  lsqpct.c
libc-2.31.so       00001528439DC0B3  __libc_start_main     Unknown  Unknown
run_lsqp           000000000040702E  Unknown               Unknown  Unknown
forrtl: warning (406): fort: (1): In call to LSQP_MERIT_VALUE, an array temporary was created for argument #14

Image              PC                Routine            Line        Source             
run_lsqp           0000000001A4C03F  Unknown               Unknown  Unknown
run_lsqp           00000000008A9FC2  galahad_lsqp_doub        4686  lsqp.f90
run_lsqp           000000000084FC0A  galahad_lsqp_doub        2261  lsqp.f90
run_lsqp           00000000008FE0AC  galahad_lsqp_doub        7752  lsqp.f90
run_lsqp           000000000040EAA3  lsqp_solve_qp             712  lsqp_ciface.f90
run_lsqp           0000000000407C56  main                       70  lsqpct.c
libc-2.31.so       00001528439DC0B3  __libc_start_main     Unknown  Unknown
run_lsqp           000000000040702E  Unknown               Unknown  Unknown
forrtl: warning (406): fort: (1): In call to LSQP_MERIT_VALUE, an array temporary was created for argument #15

Image              PC                Routine            Line        Source             
run_lsqp           0000000001A4C03F  Unknown               Unknown  Unknown
run_lsqp           00000000008AA031  galahad_lsqp_doub        4686  lsqp.f90
run_lsqp           000000000084FC0A  galahad_lsqp_doub        2261  lsqp.f90
run_lsqp           00000000008FE0AC  galahad_lsqp_doub        7752  lsqp.f90
run_lsqp           000000000040EAA3  lsqp_solve_qp             712  lsqp_ciface.f90
run_lsqp           0000000000407C56  main                       70  lsqpct.c
libc-2.31.so       00001528439DC0B3  __libc_start_main     Unknown  Unknown
run_lsqp           000000000040702E  Unknown               Unknown  Unknown
forrtl: warning (406): fort: (1): In call to LSQP_MERIT_VALUE, an array temporary was created for argument #14

Image              PC                Routine            Line        Source             
run_lsqp           0000000001A4C03F  Unknown               Unknown  Unknown
run_lsqp           00000000008A9FC2  galahad_lsqp_doub        4686  lsqp.f90
run_lsqp           000000000084FC0A  galahad_lsqp_doub        2261  lsqp.f90
run_lsqp           00000000008FE0AC  galahad_lsqp_doub        7752  lsqp.f90
run_lsqp           000000000040EAA3  lsqp_solve_qp             712  lsqp_ciface.f90
run_lsqp           0000000000407C56  main                       70  lsqpct.c
libc-2.31.so       00001528439DC0B3  __libc_start_main     Unknown  Unknown
run_lsqp           000000000040702E  Unknown               Unknown  Unknown
forrtl: warning (406): fort: (1): In call to LSQP_MERIT_VALUE, an array temporary was created for argument #15

Image              PC                Routine            Line        Source             
run_lsqp           0000000001A4C03F  Unknown               Unknown  Unknown
run_lsqp           00000000008AA031  galahad_lsqp_doub        4686  lsqp.f90
run_lsqp           000000000084FC0A  galahad_lsqp_doub        2261  lsqp.f90
run_lsqp           00000000008FE0AC  galahad_lsqp_doub        7752  lsqp.f90
run_lsqp           000000000040EAA3  lsqp_solve_qp             712  lsqp_ciface.f90
run_lsqp           0000000000407C56  main                       70  lsqpct.c
libc-2.31.so       00001528439DC0B3  __libc_start_main     Unknown  Unknown
run_lsqp           000000000040702E  Unknown               Unknown  Unknown
forrtl: warning (406): fort: (1): In call to LSQP_MERIT_VALUE, an array temporary was created for argument #14

Image              PC                Routine            Line        Source             
run_lsqp           0000000001A4C03F  Unknown               Unknown  Unknown
run_lsqp           00000000008A9FC2  galahad_lsqp_doub        4686  lsqp.f90
run_lsqp           000000000084FC0A  galahad_lsqp_doub        2261  lsqp.f90
run_lsqp           00000000008FE0AC  galahad_lsqp_doub        7752  lsqp.f90
run_lsqp           000000000040EAA3  lsqp_solve_qp             712  lsqp_ciface.f90
run_lsqp           0000000000407F84  main                       80  lsqpct.c
libc-2.31.so       00001528439DC0B3  __libc_start_main     Unknown  Unknown
run_lsqp           000000000040702E  Unknown               Unknown  Unknown
forrtl: warning (406): fort: (1): In call to LSQP_MERIT_VALUE, an array temporary was created for argument #15

Image              PC                Routine            Line        Source             
run_lsqp           0000000001A4C03F  Unknown               Unknown  Unknown
run_lsqp           00000000008AA031  galahad_lsqp_doub        4686  lsqp.f90
run_lsqp           000000000084FC0A  galahad_lsqp_doub        2261  lsqp.f90
run_lsqp           00000000008FE0AC  galahad_lsqp_doub        7752  lsqp.f90
run_lsqp           000000000040EAA3  lsqp_solve_qp             712  lsqp_ciface.f90
run_lsqp           0000000000407F84  main                       80  lsqpct.c
libc-2.31.so       00001528439DC0B3  __libc_start_main     Unknown  Unknown
run_lsqp           000000000040702E  Unknown               Unknown  Unknown
forrtl: warning (406): fort: (1): In call to LSQP_MERIT_VALUE, an array temporary was created for argument #14

Image              PC                Routine            Line        Source             
run_lsqp           0000000001A4C03F  Unknown               Unknown  Unknown
run_lsqp           00000000008A9FC2  galahad_lsqp_doub        4686  lsqp.f90
run_lsqp           000000000084FC0A  galahad_lsqp_doub        2261  lsqp.f90
run_lsqp           00000000008FE0AC  galahad_lsqp_doub        7752  lsqp.f90
run_lsqp           000000000040EAA3  lsqp_solve_qp             712  lsqp_ciface.f90
run_lsqp           0000000000407F84  main                       80  lsqpct.c
libc-2.31.so       00001528439DC0B3  __libc_start_main     Unknown  Unknown
run_lsqp           000000000040702E  Unknown               Unknown  Unknown
forrtl: warning (406): fort: (1): In call to LSQP_MERIT_VALUE, an array temporary was created for argument #15

Image              PC                Routine            Line        Source             
run_lsqp           0000000001A4C03F  Unknown               Unknown  Unknown
run_lsqp           00000000008AA031  galahad_lsqp_doub        4686  lsqp.f90
run_lsqp           000000000084FC0A  galahad_lsqp_doub        2261  lsqp.f90
run_lsqp           00000000008FE0AC  galahad_lsqp_doub        7752  lsqp.f90
run_lsqp           000000000040EAA3  lsqp_solve_qp             712  lsqp_ciface.f90
run_lsqp           0000000000407F84  main                       80  lsqpct.c
libc-2.31.so       00001528439DC0B3  __libc_start_main     Unknown  Unknown
run_lsqp           000000000040702E  Unknown               Unknown  Unknown
forrtl: warning (406): fort: (1): In call to LSQP_MERIT_VALUE, an array temporary was created for argument #14

Image              PC                Routine            Line        Source             
run_lsqp           0000000001A4C03F  Unknown               Unknown  Unknown
run_lsqp           00000000008A9FC2  galahad_lsqp_doub        4686  lsqp.f90
run_lsqp           000000000084FC0A  galahad_lsqp_doub        2261  lsqp.f90
run_lsqp           00000000008FE0AC  galahad_lsqp_doub        7752  lsqp.f90
run_lsqp           000000000040EAA3  lsqp_solve_qp             712  lsqp_ciface.f90
run_lsqp           0000000000407F84  main                       80  lsqpct.c
libc-2.31.so       00001528439DC0B3  __libc_start_main     Unknown  Unknown
run_lsqp           000000000040702E  Unknown               Unknown  Unknown
forrtl: warning (406): fort: (1): In call to LSQP_MERIT_VALUE, an array temporary was created for argument #15

Image              PC                Routine            Line        Source             
run_lsqp           0000000001A4C03F  Unknown               Unknown  Unknown
run_lsqp           00000000008AA031  galahad_lsqp_doub        4686  lsqp.f90
run_lsqp           000000000084FC0A  galahad_lsqp_doub        2261  lsqp.f90
run_lsqp           00000000008FE0AC  galahad_lsqp_doub        7752  lsqp.f90
run_lsqp           000000000040EAA3  lsqp_solve_qp             712  lsqp_ciface.f90
run_lsqp           0000000000407F84  main                       80  lsqpct.c
libc-2.31.so       00001528439DC0B3  __libc_start_main     Unknown  Unknown
run_lsqp           000000000040702E  Unknown               Unknown  Unknown
forrtl: warning (406): fort: (1): In call to LSQP_MERIT_VALUE, an array temporary was created for argument #14

Image              PC                Routine            Line        Source             
run_lsqp           0000000001A4C03F  Unknown               Unknown  Unknown
run_lsqp           00000000008A9FC2  galahad_lsqp_doub        4686  lsqp.f90
run_lsqp           000000000084FC0A  galahad_lsqp_doub        2261  lsqp.f90
run_lsqp           00000000008FE0AC  galahad_lsqp_doub        7752  lsqp.f90
run_lsqp           000000000040EAA3  lsqp_solve_qp             712  lsqp_ciface.f90
run_lsqp           0000000000407F84  main                       80  lsqpct.c
libc-2.31.so       00001528439DC0B3  __libc_start_main     Unknown  Unknown
run_lsqp           000000000040702E  Unknown               Unknown  Unknown
forrtl: warning (406): fort: (1): In call to LSQP_MERIT_VALUE, an array temporary was created for argument #15

Image              PC                Routine            Line        Source             
run_lsqp           0000000001A4C03F  Unknown               Unknown  Unknown
run_lsqp           00000000008AA031  galahad_lsqp_doub        4686  lsqp.f90
run_lsqp           000000000084FC0A  galahad_lsqp_doub        2261  lsqp.f90
run_lsqp           00000000008FE0AC  galahad_lsqp_doub        7752  lsqp.f90
run_lsqp           000000000040EAA3  lsqp_solve_qp             712  lsqp_ciface.f90
run_lsqp           0000000000407F84  main                       80  lsqpct.c
libc-2.31.so       00001528439DC0B3  __libc_start_main     Unknown  Unknown
run_lsqp           000000000040702E  Unknown               Unknown  Unknown
forrtl: warning (406): fort: (1): In call to LSQP_MERIT_VALUE, an array temporary was created for argument #14

Image              PC                Routine            Line        Source             
run_lsqp           0000000001A4C03F  Unknown               Unknown  Unknown
run_lsqp           00000000008A9FC2  galahad_lsqp_doub        4686  lsqp.f90
run_lsqp           000000000084FC0A  galahad_lsqp_doub        2261  lsqp.f90
run_lsqp           00000000008FE0AC  galahad_lsqp_doub        7752  lsqp.f90
run_lsqp           000000000040EAA3  lsqp_solve_qp             712  lsqp_ciface.f90
run_lsqp           0000000000407F84  main                       80  lsqpct.c
libc-2.31.so       00001528439DC0B3  __libc_start_main     Unknown  Unknown
run_lsqp           000000000040702E  Unknown               Unknown  Unknown
forrtl: warning (406): fort: (1): In call to LSQP_MERIT_VALUE, an array temporary was created for argument #15

Image              PC                Routine            Line        Source             
run_lsqp           0000000001A4C03F  Unknown               Unknown  Unknown
run_lsqp           00000000008AA031  galahad_lsqp_doub        4686  lsqp.f90
run_lsqp           000000000084FC0A  galahad_lsqp_doub        2261  lsqp.f90
run_lsqp           00000000008FE0AC  galahad_lsqp_doub        7752  lsqp.f90
run_lsqp           000000000040EAA3  lsqp_solve_qp             712  lsqp_ciface.f90
run_lsqp           0000000000407F84  main                       80  lsqpct.c
libc-2.31.so       00001528439DC0B3  __libc_start_main     Unknown  Unknown
run_lsqp           000000000040702E  Unknown               Unknown  Unknown
forrtl: warning (406): fort: (1): In call to LSQP_MERIT_VALUE, an array temporary was created for argument #14

Image              PC                Routine            Line        Source             
run_lsqp           0000000001A4C03F  Unknown               Unknown  Unknown
run_lsqp           00000000008A9FC2  galahad_lsqp_doub        4686  lsqp.f90
run_lsqp           000000000084FC0A  galahad_lsqp_doub        2261  lsqp.f90
run_lsqp           00000000008FE0AC  galahad_lsqp_doub        7752  lsqp.f90
run_lsqp           000000000040EAA3  lsqp_solve_qp             712  lsqp_ciface.f90
run_lsqp           0000000000407F84  main                       80  lsqpct.c
libc-2.31.so       00001528439DC0B3  __libc_start_main     Unknown  Unknown
run_lsqp           000000000040702E  Unknown               Unknown  Unknown
forrtl: warning (406): fort: (1): In call to LSQP_MERIT_VALUE, an array temporary was created for argument #15

Image              PC                Routine            Line        Source             
run_lsqp           0000000001A4C03F  Unknown               Unknown  Unknown
run_lsqp           00000000008AA031  galahad_lsqp_doub        4686  lsqp.f90
run_lsqp           000000000084FC0A  galahad_lsqp_doub        2261  lsqp.f90
run_lsqp           00000000008FE0AC  galahad_lsqp_doub        7752  lsqp.f90
run_lsqp           000000000040EAA3  lsqp_solve_qp             712  lsqp_ciface.f90
run_lsqp           0000000000407F84  main                       80  lsqpct.c
libc-2.31.so       00001528439DC0B3  __libc_start_main     Unknown  Unknown
run_lsqp           000000000040702E  Unknown               Unknown  Unknown
forrtl: warning (406): fort: (1): In call to LSQP_MERIT_VALUE, an array temporary was created for argument #14

Image              PC                Routine            Line        Source             
run_lsqp           0000000001A4C03F  Unknown               Unknown  Unknown
run_lsqp           00000000008A9FC2  galahad_lsqp_doub        4686  lsqp.f90
run_lsqp           000000000084FC0A  galahad_lsqp_doub        2261  lsqp.f90
run_lsqp           00000000008FE0AC  galahad_lsqp_doub        7752  lsqp.f90
run_lsqp           000000000040EAA3  lsqp_solve_qp             712  lsqp_ciface.f90
run_lsqp           0000000000407F84  main                       80  lsqpct.c
libc-2.31.so       00001528439DC0B3  __libc_start_main     Unknown  Unknown
run_lsqp           000000000040702E  Unknown               Unknown  Unknown
forrtl: warning (406): fort: (1): In call to LSQP_MERIT_VALUE, an array temporary was created for argument #15

Image              PC                Routine            Line        Source             
run_lsqp           0000000001A4C03F  Unknown               Unknown  Unknown
run_lsqp           00000000008AA031  galahad_lsqp_doub        4686  lsqp.f90
run_lsqp           000000000084FC0A  galahad_lsqp_doub        2261  lsqp.f90
run_lsqp           00000000008FE0AC  galahad_lsqp_doub        7752  lsqp.f90
run_lsqp           000000000040EAA3  lsqp_solve_qp             712  lsqp_ciface.f90
run_lsqp           0000000000407F84  main                       80  lsqpct.c
libc-2.31.so       00001528439DC0B3  __libc_start_main     Unknown  Unknown
run_lsqp           000000000040702E  Unknown               Unknown  Unknown
 C sparse matrix indexing

 basic tests of qp storage formats

C:     7 iterations. Optimal objective value =  3.11 status = 0
R:     7 iterations. Optimal objective value =  3.11 status = 0
D:     7 iterations. Optimal objective value =  3.11 status = 0
