 ==================================================== ================
 ==================== TEST 1: EXIT_CODE =  15   ======================
 ==================== TEST 2: EXIT_CODE =  19  ======================
 ==================== TEST 3: EXIT_CODE =  19   ======================

 *********  Starting optimization  ************** 

 There are        2 variables
 There are        1 groups
 There are        1 nonlinear elements 

  Iter #g.ev c.g.it      f    proj.g    rho   radius   step   cgend #free   time
     0     1     0  2.42E+01 2.2E+02     -       -       -      -       2    0.0
     1     1     0  2.42E+01 2.2E+02 -1.2E+00 1.0E+00 1.0E+00 CONVR     2    0.0
     2     2     0  1.98E+01 1.9E+02  9.4E-01 1.6E-02 1.6E-02 CONVR     2    0.0
     3     3     0  1.26E+01 1.3E+02  1.0E+00 3.1E-02 3.1E-02 CONVR     2    0.0
     4     4     0  5.01E+00 3.9E+01  1.0E+00 6.2E-02 6.2E-02 CONVR     2    0.0
     5     5     1  4.02E+00 1.0E+01  1.0E+00 1.2E-01 1.2E-01 -CURV     2    0.0
     6     5     2  4.02E+00 1.0E+01 -7.1E-01 2.5E-01 2.5E-01 -CURV     2    0.0
     7     6     2  3.98E+00 5.3E+00  1.0E+00 3.9E-03 3.9E-03 CONVR     2    0.0
     8     7     3  3.96E+00 1.8E+00  1.0E+00 7.8E-03 7.8E-03 BOUND     2    0.0
     9     8     3  3.93E+00 2.0E+00  1.0E+00 1.6E-02 1.6E-02 CONVR     2    0.0
    10     9     4  3.88E+00 4.1E+00  1.0E+00 3.1E-02 3.1E-02 -CURV     2    0.0
    11    10     5  3.74E+00 1.4E+00  1.0E+00 6.2E-02 6.2E-02 BOUND     2    0.0
    12    11     6  3.47E+00 3.0E+00  1.1E+00 1.2E-01 1.2E-01 -CURV     2    0.0
    13    12     7  3.08E+00 1.2E+01  9.9E-01 2.5E-01 2.5E-01 -CURV     2    0.0
    14    13     8  3.59E+00 2.5E+01  9.5E-01 5.0E-01 4.0E-01 CONVR     2    0.0
    15    14     9  2.72E+00 7.8E+00  6.6E-01 8.0E-01 2.9E-01 CONVR     2    0.0
    16    15    10  2.60E+00 7.6E+00  1.9E+00 8.0E-01 4.8E-02 CONVR     2    0.0
    17    16    11  3.43E+00 2.7E+01  8.7E-02 8.0E-01 4.1E-01 CONVR     2    0.0
    18    17    12  2.33E+00 4.5E+00  4.8E-01 8.0E-01 3.3E-01 CONVR     2    0.0
    19    18    13  2.18E+00 4.6E+00  1.9E+00 8.0E-01 5.2E-02 CONVR     2    0.0
    20    18    14  2.18E+00 4.6E+00 -2.7E+00 8.0E-01 5.5E-01 CONVR     2    0.0
    21    19    15  2.14E+00 3.3E+00  1.3E+00 1.2E-02 1.2E-02 BOUND     2    0.0
    22    20    16  2.08E+00 2.5E+00  1.1E+00 2.5E-02 2.5E-02 BOUND     2    0.0
    23    21    17  1.98E+00 4.1E+00  9.0E-01 5.0E-02 5.0E-02 -CURV     2    0.0
    24    22    18  1.71E+00 3.6E+00  1.1E+00 1.0E-01 1.0E-01 BOUND     2    0.0
    25    22    18  1.71E+00 3.6E+00 -9.8E-01 2.0E-01 2.0E-01 CONVR     2    0.0
    26    23    18  1.69E+00 3.0E+00  8.2E-01 3.1E-03 3.1E-03 CONVR     2    0.0
    27    24    18  1.68E+00 2.6E+00  1.0E+00 3.1E-03 3.1E-03 CONVR     2    0.0
    28    25    19  1.67E+00 2.6E+00  1.0E+00 6.2E-03 6.2E-03 CONVR     2    0.0
    29    26    20  1.63E+00 2.6E+00  1.0E-00 1.2E-02 1.2E-02 CONVR     2    0.0
    30    27    21  1.58E+00 2.0E+00  1.3E+00 2.5E-02 2.5E-02 BOUND     2    0.0
    31    28    22  1.48E+00 3.8E+00  9.0E-01 5.0E-02 5.0E-02 BOUND     2    0.0
    32    29    23  1.33E+00 2.4E+00  1.2E+00 5.0E-02 5.0E-02 BOUND     2    0.0
    33    30    24  1.11E+00 2.1E+00  1.3E+00 1.0E-01 1.0E-01 BOUND     2    0.0
    34    31    24  1.44E+00 1.7E+01  5.3E-01 2.0E-01 2.0E-01 CONVR     2    0.0
    35    32    24  7.69E-01 2.2E+00  8.6E-01 2.0E-01 8.9E-02 CONVR     2    0.0
    36    33    25  7.03E-01 1.6E+00  1.7E+00 2.0E-01 3.4E-02 CONVR     2    0.0
    37    34    25  6.22E-01 9.3E+00  7.2E-01 2.0E-01 2.0E-01 CONVR     2    0.0
    38    35    25  4.37E-01 2.0E+00  1.2E+00 2.0E-01 2.6E-02 CONVR     2    0.0
    39    36    26  2.13E-01 2.7E+00  3.5E-01 2.0E-01 2.0E-01 -CURV     2    0.0
    40    37    27  7.87E-01 2.5E+01  1.8E-01 2.0E-01 2.0E-01 BOUND     2    0.0
    41    38    27  9.22E-02 2.0E+00  1.1E+00 2.0E-01 3.5E-02 CONVR     2    0.0
    42    39    28  2.44E-01 1.6E+01  1.8E-01 2.0E-01 2.0E-01 -CURV     2    0.0
    43    40    28  3.56E-02 3.5E+00  7.7E-01 2.0E-01 2.5E-02 CONVR     2    0.0
    44    41    28  2.52E-02 1.7E-01  1.0E+00 2.0E-01 4.5E-03 CONVR     2    0.0
    45    42    29  1.43E-02 7.1E-01  1.6E+00 2.0E-01 7.1E-02 CONVR     2    0.0
    46    43    30  1.00E-02 3.7E+00  7.9E-01 2.0E-01 1.5E-01 CONVR     2    0.0
    47    44    30  2.11E-03 1.2E+00  1.3E+00 2.0E-01 2.6E-03 CONVR     2    0.0
    48    45    31  1.35E-02 4.1E+00  7.0E-01 2.0E-01 2.0E-01 -CURV     2    0.0
    49    46    31  4.24E-03 2.2E-01  1.0E+00 2.0E-01 3.5E-03 CONVR     2    0.0
    50    47    32  7.16E-03 3.0E+00  2.9E-02 2.0E-01 2.0E-01 -CURV     2    0.0
    51    48    33  1.19E-03 6.7E-01  4.9E-01 2.0E-01 1.3E-01 CONVR     2    0.0
    52    49    34  3.51E-04 1.8E-01  1.6E+00 2.0E-01 2.5E-02 CONVR     2    0.0
    53    50    35  9.25E-05 3.5E-01  5.9E-01 2.0E-01 4.4E-02 CONVR     2    0.0
    54    51    36  7.92E-06 3.1E-02  8.5E-01 2.0E-01 1.3E-02 CONVR     2    0.0
    55    52    37  2.35E-06 3.5E-02  1.4E+00 2.0E-01 2.9E-03 CONVR     2    0.0
    56    53    38  2.03E-08 5.6E-03  1.1E+00 2.0E-01 2.5E-03 CONVR     2    0.0
    57    54    39  3.36E-12 2.4E-05  9.8E-01 2.0E-01 6.4E-05 CONVR     2    0.0
    58    54    40  3.36E-12 2.4E-05 -5.6E-02 2.0E-01 2.0E-01 -CURV     2    0.0
    59    55    41  2.65E-06 1.8E-02  5.9E-02 3.1E-03 3.1E-03 -CURV     2    0.0
    60    56    42  1.97E-11 1.5E-06  1.0E-00 3.1E-03 3.1E-03 CONVR     2    0.0

 Iteration number              60  Merit function value    =   1.97442469054E-11
 No. derivative evals          56  Projected gradient norm =   1.54558608762E-06
 C.G. iterations               42  Trust-region radius     =   3.11986502233E-03
 Number of updates skipped      0

 There are      2 variables and      0 active bounds

 Times for Cauchy, systems, products and updates    0.00    0.00    0.00    0.00

 Exact Cauchy step computed 
 Bandsolver preconditioned C.G. ( semi-bandwidth =      5 ) used 
 Infinity-norm trust region used 
 Non-monotone descent strategy ( history =  1 ) used 
 Finite-difference approximations to nonlinear-element gradients used
 S.R.1 Approximation to second derivatives used 

 Variable name Number Status     Value   Lower bound Upper bound  |  Dual value 
 ------------- ------ ------     -----   ----------- -----------  |  ----------
  X_1             1     FREE  1.0000E-00 -1.0000E+20  1.0000E+20  | -1.5456E-06
  X_2             2     FREE  9.9999E-01 -1.0000E+20  1.0000E+20  |  8.0724E-07
 ==================== TEST 4: EXIT_CODE =  0   ======================

 *********  Starting optimization  ************** 

 There are        2 variables
 There are        1 groups
 There are        1 nonlinear elements 

  Iter #g.ev c.g.it      f    proj.g    rho   radius   step   cgend #free   time
     0     1     0  2.42E+01 2.2E+02     -       -       -      -       2    0.0
     1     1     0  2.42E+01 2.2E+02 -1.2E+00 1.0E+00 1.0E+00 CONVR     2    0.0
     2     2     0  1.98E+01 1.9E+02  9.4E-01 1.6E-02 1.6E-02 CONVR     2    0.0
     3     3     0  1.26E+01 1.3E+02  1.0E+00 3.1E-02 3.1E-02 CONVR     2    0.0
     4     4     0  5.01E+00 3.9E+01  1.0E+00 6.2E-02 6.2E-02 CONVR     2    0.0
     5     5     1  4.02E+00 1.0E+01  1.0E+00 1.2E-01 1.2E-01 -CURV     2    0.0
     6     5     2  4.02E+00 1.0E+01 -7.1E-01 2.5E-01 2.5E-01 -CURV     2    0.0
     7     6     2  3.98E+00 5.3E+00  1.0E+00 3.9E-03 3.9E-03 CONVR     2    0.0
     8     7     3  3.96E+00 1.8E+00  1.0E+00 7.8E-03 7.8E-03 BOUND     2    0.0
     9     8     3  3.93E+00 2.0E+00  1.0E+00 1.6E-02 1.6E-02 CONVR     2    0.0
    10     9     4  3.88E+00 4.1E+00  1.0E+00 3.1E-02 3.1E-02 -CURV     2    0.0
    11    10     5  3.74E+00 1.4E+00  1.0E+00 6.2E-02 6.2E-02 BOUND     2    0.0
    12    11     6  3.47E+00 3.0E+00  1.1E+00 1.2E-01 1.2E-01 -CURV     2    0.0
    13    12     7  3.08E+00 1.2E+01  9.9E-01 2.5E-01 2.5E-01 -CURV     2    0.0
    14    13     8  3.59E+00 2.5E+01  9.5E-01 5.0E-01 4.0E-01 CONVR     2    0.0
    15    14     9  2.72E+00 7.8E+00  6.6E-01 8.0E-01 2.9E-01 CONVR     2    0.0
    16    15    10  2.60E+00 7.6E+00  1.9E+00 8.0E-01 4.8E-02 CONVR     2    0.0
    17    16    11  3.43E+00 2.7E+01  8.7E-02 8.0E-01 4.1E-01 CONVR     2    0.0
    18    17    12  2.33E+00 4.5E+00  4.8E-01 8.0E-01 3.3E-01 CONVR     2    0.0
    19    18    13  2.18E+00 4.6E+00  1.9E+00 8.0E-01 5.2E-02 CONVR     2    0.0
    20    18    14  2.18E+00 4.6E+00 -2.7E+00 8.0E-01 5.5E-01 CONVR     2    0.0
    21    19    15  2.14E+00 3.3E+00  1.3E+00 1.2E-02 1.2E-02 BOUND     2    0.0
    22    20    16  2.08E+00 2.5E+00  1.1E+00 2.5E-02 2.5E-02 BOUND     2    0.0
    23    21    17  1.98E+00 4.1E+00  9.0E-01 5.0E-02 5.0E-02 -CURV     2    0.0
    24    22    18  1.71E+00 3.6E+00  1.1E+00 1.0E-01 1.0E-01 BOUND     2    0.0
    25    22    18  1.71E+00 3.6E+00 -9.8E-01 2.0E-01 2.0E-01 CONVR     2    0.0
    26    23    18  1.69E+00 3.0E+00  8.2E-01 3.1E-03 3.1E-03 CONVR     2    0.0
    27    24    18  1.68E+00 2.6E+00  1.0E+00 3.1E-03 3.1E-03 CONVR     2    0.0
    28    25    19  1.67E+00 2.6E+00  1.0E+00 6.2E-03 6.2E-03 CONVR     2    0.0
    29    26    20  1.63E+00 2.6E+00  1.0E-00 1.2E-02 1.2E-02 CONVR     2    0.0
    30    27    21  1.58E+00 2.0E+00  1.3E+00 2.5E-02 2.5E-02 BOUND     2    0.0
    31    28    22  1.48E+00 3.8E+00  9.0E-01 5.0E-02 5.0E-02 BOUND     2    0.0
    32    29    23  1.33E+00 2.4E+00  1.2E+00 5.0E-02 5.0E-02 BOUND     2    0.0
    33    30    24  1.11E+00 2.1E+00  1.3E+00 1.0E-01 1.0E-01 BOUND     2    0.0
    34    31    24  1.44E+00 1.7E+01  5.3E-01 2.0E-01 2.0E-01 CONVR     2    0.0
    35    32    24  7.69E-01 2.2E+00  8.6E-01 2.0E-01 8.9E-02 CONVR     2    0.0
    36    33    25  7.03E-01 1.6E+00  1.7E+00 2.0E-01 3.4E-02 CONVR     2    0.0
    37    34    25  6.22E-01 9.3E+00  7.2E-01 2.0E-01 2.0E-01 CONVR     2    0.0
    38    35    25  4.37E-01 2.0E+00  1.2E+00 2.0E-01 2.6E-02 CONVR     2    0.0
    39    36    26  2.13E-01 2.7E+00  3.5E-01 2.0E-01 2.0E-01 -CURV     2    0.0
    40    37    27  7.87E-01 2.5E+01  1.8E-01 2.0E-01 2.0E-01 BOUND     2    0.0
    41    38    27  9.22E-02 2.0E+00  1.1E+00 2.0E-01 3.5E-02 CONVR     2    0.0
    42    39    28  2.44E-01 1.6E+01  1.8E-01 2.0E-01 2.0E-01 -CURV     2    0.0
    43    40    28  3.56E-02 3.5E+00  7.7E-01 2.0E-01 2.5E-02 CONVR     2    0.0
    44    41    28  2.52E-02 1.7E-01  1.0E+00 2.0E-01 4.5E-03 CONVR     2    0.0
    45    42    29  1.43E-02 7.1E-01  1.6E+00 2.0E-01 7.1E-02 CONVR     2    0.0
    46    43    30  1.00E-02 3.7E+00  7.9E-01 2.0E-01 1.5E-01 CONVR     2    0.0
    47    44    30  2.11E-03 1.2E+00  1.3E+00 2.0E-01 2.6E-03 CONVR     2    0.0
    48    45    31  1.35E-02 4.1E+00  7.0E-01 2.0E-01 2.0E-01 -CURV     2    0.0
    49    46    31  4.24E-03 2.2E-01  1.0E+00 2.0E-01 3.5E-03 CONVR     2    0.0
    50    47    32  7.16E-03 3.0E+00  2.9E-02 2.0E-01 2.0E-01 -CURV     2    0.0
    51    48    33  1.19E-03 6.7E-01  4.9E-01 2.0E-01 1.3E-01 CONVR     2    0.0
    52    49    34  3.51E-04 1.8E-01  1.6E+00 2.0E-01 2.5E-02 CONVR     2    0.0
    53    50    35  9.25E-05 3.5E-01  5.9E-01 2.0E-01 4.4E-02 CONVR     2    0.0
    54    51    36  7.92E-06 3.1E-02  8.5E-01 2.0E-01 1.3E-02 CONVR     2    0.0
    55    52    37  2.35E-06 3.5E-02  1.4E+00 2.0E-01 2.9E-03 CONVR     2    0.0
    56    53    38  2.03E-08 5.6E-03  1.1E+00 2.0E-01 2.5E-03 CONVR     2    0.0
    57    54    39  3.36E-12 2.4E-05  9.8E-01 2.0E-01 6.4E-05 CONVR     2    0.0
    58    54    40  3.36E-12 2.4E-05 -5.6E-02 2.0E-01 2.0E-01 -CURV     2    0.0
    59    55    41  2.65E-06 1.8E-02  5.9E-02 3.1E-03 3.1E-03 -CURV     2    0.0
    60    56    42  1.97E-11 1.5E-06  1.0E-00 3.1E-03 3.1E-03 CONVR     2    0.0

 Iteration number              60  Merit function value    =   1.97442469054E-11
 No. derivative evals          56  Projected gradient norm =   1.54558608762E-06
 C.G. iterations               42  Trust-region radius     =   3.11986502233E-03
 Number of updates skipped      0

 There are      2 variables and      0 active bounds

 Times for Cauchy, systems, products and updates    0.01    0.01    0.00    0.00

 Exact Cauchy step computed 
 Bandsolver preconditioned C.G. ( semi-bandwidth =      5 ) used 
 Infinity-norm trust region used 
 Non-monotone descent strategy ( history =  1 ) used 
 Finite-difference approximations to nonlinear-element gradients used
 S.R.1 Approximation to second derivatives used 

 Variable name Number Status     Value   Lower bound Upper bound  |  Dual value 
 ------------- ------ ------     -----   ----------- -----------  |  ----------
  X_1             1     FREE  1.0000E-00 -1.0000E+20  1.0000E+20  | -1.5456E-06
  X_2             2     FREE  9.9999E-01 -1.0000E+20  1.0000E+20  |  8.0724E-07
 ==================== TEST 5: EXIT_CODE =  0   ======================

 *********  Starting optimization  ************** 

 There are        2 variables
 There are        1 groups
 There are        1 nonlinear elements 

  Iter #g.ev c.g.it      f    proj.g    rho   radius   step   cgend #free   time
     0     1     0  2.42E+01 2.2E+02     -       -       -      -       2    0.0
     1     1     0  2.42E+01 2.2E+02 -1.2E+00 1.0E+00 1.0E+00 CONVR     2    0.0
     2     2     0  1.98E+01 1.9E+02  9.4E-01 1.6E-02 1.6E-02 CONVR     2    0.0
     3     3     0  1.26E+01 1.3E+02  1.0E+00 3.1E-02 3.1E-02 CONVR     2    0.0
     4     4     0  5.01E+00 3.9E+01  1.0E+00 6.2E-02 6.2E-02 CONVR     2    0.0
     5     5     1  4.02E+00 1.0E+01  1.0E+00 1.2E-01 1.2E-01 -CURV     2    0.0
     6     5     2  4.02E+00 1.0E+01 -7.1E-01 2.5E-01 2.5E-01 -CURV     2    0.0
     7     6     2  3.98E+00 5.3E+00  1.0E+00 3.9E-03 3.9E-03 CONVR     2    0.0
     8     7     3  3.96E+00 1.8E+00  1.0E+00 7.8E-03 7.8E-03 BOUND     2    0.0
     9     8     3  3.93E+00 2.0E+00  1.0E+00 1.6E-02 1.6E-02 CONVR     2    0.0
    10     9     4  3.88E+00 4.1E+00  1.0E+00 3.1E-02 3.1E-02 -CURV     2    0.0
    11    10     5  3.74E+00 1.4E+00  1.0E+00 6.2E-02 6.2E-02 BOUND     2    0.0
    12    11     6  3.47E+00 3.0E+00  1.1E+00 1.2E-01 1.2E-01 -CURV     2    0.0
    13    12     7  3.08E+00 1.2E+01  9.9E-01 2.5E-01 2.5E-01 -CURV     2    0.0
    14    13     8  3.59E+00 2.5E+01  9.5E-01 5.0E-01 4.0E-01 CONVR     2    0.0
    15    14     9  2.72E+00 7.8E+00  6.6E-01 8.0E-01 2.9E-01 CONVR     2    0.0
    16    15    10  2.60E+00 7.6E+00  1.9E+00 8.0E-01 4.8E-02 CONVR     2    0.0
    17    16    11  3.43E+00 2.7E+01  8.7E-02 8.0E-01 4.1E-01 CONVR     2    0.0
    18    17    12  2.33E+00 4.5E+00  4.8E-01 8.0E-01 3.3E-01 CONVR     2    0.0
    19    18    13  2.18E+00 4.6E+00  1.9E+00 8.0E-01 5.2E-02 CONVR     2    0.0
    20    18    14  2.18E+00 4.6E+00 -2.7E+00 8.0E-01 5.5E-01 CONVR     2    0.0
    21    19    15  2.14E+00 3.3E+00  1.3E+00 1.2E-02 1.2E-02 BOUND     2    0.0
    22    20    16  2.08E+00 2.5E+00  1.1E+00 2.5E-02 2.5E-02 BOUND     2    0.0
    23    21    17  1.98E+00 4.1E+00  9.0E-01 5.0E-02 5.0E-02 -CURV     2    0.0
    24    22    18  1.71E+00 3.6E+00  1.1E+00 1.0E-01 1.0E-01 BOUND     2    0.0
    25    22    18  1.71E+00 3.6E+00 -9.8E-01 2.0E-01 2.0E-01 CONVR     2    0.0
    26    23    18  1.69E+00 3.0E+00  8.2E-01 3.1E-03 3.1E-03 CONVR     2    0.0
    27    24    18  1.68E+00 2.6E+00  1.0E+00 3.1E-03 3.1E-03 CONVR     2    0.0
    28    25    19  1.67E+00 2.6E+00  1.0E+00 6.2E-03 6.2E-03 CONVR     2    0.0
    29    26    20  1.63E+00 2.6E+00  1.0E-00 1.2E-02 1.2E-02 CONVR     2    0.0
    30    27    21  1.58E+00 2.0E+00  1.3E+00 2.5E-02 2.5E-02 BOUND     2    0.0
    31    28    22  1.48E+00 3.8E+00  9.0E-01 5.0E-02 5.0E-02 BOUND     2    0.0
    32    29    23  1.33E+00 2.4E+00  1.2E+00 5.0E-02 5.0E-02 BOUND     2    0.0
    33    30    24  1.11E+00 2.1E+00  1.3E+00 1.0E-01 1.0E-01 BOUND     2    0.0
    34    31    24  1.44E+00 1.7E+01  5.3E-01 2.0E-01 2.0E-01 CONVR     2    0.0
    35    32    24  7.69E-01 2.2E+00  8.6E-01 2.0E-01 8.9E-02 CONVR     2    0.0
    36    33    25  7.03E-01 1.6E+00  1.7E+00 2.0E-01 3.4E-02 CONVR     2    0.0
    37    34    25  6.22E-01 9.3E+00  7.2E-01 2.0E-01 2.0E-01 CONVR     2    0.0
    38    35    25  4.37E-01 2.0E+00  1.2E+00 2.0E-01 2.6E-02 CONVR     2    0.0
    39    36    26  2.13E-01 2.7E+00  3.5E-01 2.0E-01 2.0E-01 -CURV     2    0.0
    40    37    27  7.87E-01 2.5E+01  1.8E-01 2.0E-01 2.0E-01 BOUND     2    0.0
    41    38    27  9.22E-02 2.0E+00  1.1E+00 2.0E-01 3.5E-02 CONVR     2    0.0
    42    39    28  2.44E-01 1.6E+01  1.8E-01 2.0E-01 2.0E-01 -CURV     2    0.0
    43    40    28  3.56E-02 3.5E+00  7.7E-01 2.0E-01 2.5E-02 CONVR     2    0.0
    44    41    28  2.52E-02 1.7E-01  1.0E+00 2.0E-01 4.5E-03 CONVR     2    0.0
    45    42    29  1.43E-02 7.1E-01  1.6E+00 2.0E-01 7.1E-02 CONVR     2    0.0
    46    43    30  1.00E-02 3.7E+00  7.9E-01 2.0E-01 1.5E-01 CONVR     2    0.0
    47    44    30  2.11E-03 1.2E+00  1.3E+00 2.0E-01 2.6E-03 CONVR     2    0.0
    48    45    31  1.35E-02 4.1E+00  7.0E-01 2.0E-01 2.0E-01 -CURV     2    0.0
    49    46    31  4.24E-03 2.2E-01  1.0E+00 2.0E-01 3.5E-03 CONVR     2    0.0
    50    47    32  7.16E-03 3.0E+00  2.9E-02 2.0E-01 2.0E-01 -CURV     2    0.0
    51    48    33  1.19E-03 6.7E-01  4.9E-01 2.0E-01 1.3E-01 CONVR     2    0.0
    52    49    34  3.51E-04 1.8E-01  1.6E+00 2.0E-01 2.5E-02 CONVR     2    0.0
    53    50    35  9.25E-05 3.5E-01  5.9E-01 2.0E-01 4.4E-02 CONVR     2    0.0
    54    51    36  7.92E-06 3.1E-02  8.5E-01 2.0E-01 1.3E-02 CONVR     2    0.0
    55    52    37  2.35E-06 3.5E-02  1.4E+00 2.0E-01 2.9E-03 CONVR     2    0.0
    56    53    38  2.03E-08 5.6E-03  1.1E+00 2.0E-01 2.5E-03 CONVR     2    0.0
    57    54    39  3.36E-12 2.4E-05  9.8E-01 2.0E-01 6.4E-05 CONVR     2    0.0
    58    54    40  3.36E-12 2.4E-05 -5.6E-02 2.0E-01 2.0E-01 -CURV     2    0.0
    59    55    41  2.65E-06 1.8E-02  5.9E-02 3.1E-03 3.1E-03 -CURV     2    0.0
    60    56    42  1.97E-11 1.5E-06  1.0E-00 3.1E-03 3.1E-03 CONVR     2    0.0

 Iteration number              60  Merit function value    =   1.97442469054E-11
 No. derivative evals          56  Projected gradient norm =   1.54558608762E-06
 C.G. iterations               42  Trust-region radius     =   3.11986502233E-03
 Number of updates skipped      0

 There are      2 variables and      0 active bounds

 Times for Cauchy, systems, products and updates    0.00    0.01    0.00    0.00

 Exact Cauchy step computed 
 Bandsolver preconditioned C.G. ( semi-bandwidth =      5 ) used 
 Infinity-norm trust region used 
 Non-monotone descent strategy ( history =  1 ) used 
 Finite-difference approximations to nonlinear-element gradients used
 S.R.1 Approximation to second derivatives used 

 Variable name Number Status     Value   Lower bound Upper bound  |  Dual value 
 ------------- ------ ------     -----   ----------- -----------  |  ----------
  X_1             1     FREE  1.0000E-00 -1.0000E+20  1.0000E+20  | -1.5456E-06
  X_2             2     FREE  9.9999E-01 -1.0000E+20  1.0000E+20  |  8.0724E-07
 ==================== TEST 6: EXIT_CODE =  0   ======================

 *********  Starting optimization  ************** 

 There are        2 variables
 There are        1 groups
 There are        1 nonlinear elements 

  Iter #g.ev c.g.it      f    proj.g    rho   radius   step   cgend #free   time
     0     1     0  2.42E+01 2.2E+02     -       -       -      -       2    0.0
     1     1     0  2.42E+01 2.2E+02 -1.2E+00 1.0E+00 1.0E+00 CONVR     2    0.0
     2     2     0  1.98E+01 1.9E+02  9.4E-01 1.6E-02 1.6E-02 CONVR     2    0.0
     3     3     0  1.26E+01 1.3E+02  1.0E+00 3.1E-02 3.1E-02 CONVR     2    0.0
     4     4     0  5.01E+00 3.9E+01  1.0E+00 6.2E-02 6.2E-02 CONVR     2    0.0
     5     5     1  4.02E+00 1.0E+01  1.0E+00 1.2E-01 1.2E-01 -CURV     2    0.0
     6     5     2  4.02E+00 1.0E+01 -7.1E-01 2.5E-01 2.5E-01 -CURV     2    0.0
     7     6     2  3.98E+00 5.3E+00  1.0E+00 3.9E-03 3.9E-03 CONVR     2    0.0
     8     7     3  3.96E+00 1.8E+00  1.0E+00 7.8E-03 7.8E-03 BOUND     2    0.0
     9     8     3  3.93E+00 2.0E+00  1.0E+00 1.6E-02 1.6E-02 CONVR     2    0.0
    10     9     4  3.88E+00 4.1E+00  1.0E+00 3.1E-02 3.1E-02 -CURV     2    0.0
    11    10     5  3.74E+00 1.4E+00  1.0E+00 6.2E-02 6.2E-02 BOUND     2    0.0
    12    11     6  3.47E+00 3.0E+00  1.1E+00 1.2E-01 1.2E-01 -CURV     2    0.0
    13    12     7  3.08E+00 1.2E+01  9.9E-01 2.5E-01 2.5E-01 -CURV     2    0.0
    14    13     8  3.59E+00 2.5E+01  9.5E-01 5.0E-01 4.0E-01 CONVR     2    0.0
    15    14     9  2.72E+00 7.8E+00  6.6E-01 8.0E-01 2.9E-01 CONVR     2    0.0
    16    15    10  2.60E+00 7.6E+00  1.9E+00 8.0E-01 4.8E-02 CONVR     2    0.0
    17    16    11  3.43E+00 2.7E+01  8.7E-02 8.0E-01 4.1E-01 CONVR     2    0.0
    18    17    12  2.33E+00 4.5E+00  4.8E-01 8.0E-01 3.3E-01 CONVR     2    0.0
    19    18    13  2.18E+00 4.6E+00  1.9E+00 8.0E-01 5.2E-02 CONVR     2    0.0
    20    18    14  2.18E+00 4.6E+00 -2.7E+00 8.0E-01 5.5E-01 CONVR     2    0.0
    21    19    15  2.14E+00 3.3E+00  1.3E+00 1.2E-02 1.2E-02 BOUND     2    0.0
    22    20    16  2.08E+00 2.5E+00  1.1E+00 2.5E-02 2.5E-02 BOUND     2    0.0
    23    21    17  1.98E+00 4.1E+00  9.0E-01 5.0E-02 5.0E-02 -CURV     2    0.0
    24    22    18  1.71E+00 3.6E+00  1.1E+00 1.0E-01 1.0E-01 BOUND     2    0.0
    25    22    18  1.71E+00 3.6E+00 -9.8E-01 2.0E-01 2.0E-01 CONVR     2    0.0
    26    23    18  1.69E+00 3.0E+00  8.2E-01 3.1E-03 3.1E-03 CONVR     2    0.0
    27    24    18  1.68E+00 2.6E+00  1.0E+00 3.1E-03 3.1E-03 CONVR     2    0.0
    28    25    19  1.67E+00 2.6E+00  1.0E+00 6.2E-03 6.2E-03 CONVR     2    0.0
    29    26    20  1.63E+00 2.6E+00  1.0E-00 1.2E-02 1.2E-02 CONVR     2    0.0
    30    27    21  1.58E+00 2.0E+00  1.3E+00 2.5E-02 2.5E-02 BOUND     2    0.0
    31    28    22  1.48E+00 3.8E+00  9.0E-01 5.0E-02 5.0E-02 BOUND     2    0.0
    32    29    23  1.33E+00 2.4E+00  1.2E+00 5.0E-02 5.0E-02 BOUND     2    0.0
    33    30    24  1.11E+00 2.1E+00  1.3E+00 1.0E-01 1.0E-01 BOUND     2    0.0
    34    31    24  1.44E+00 1.7E+01  5.3E-01 2.0E-01 2.0E-01 CONVR     2    0.0
    35    32    24  7.69E-01 2.2E+00  8.6E-01 2.0E-01 8.9E-02 CONVR     2    0.0
    36    33    25  7.03E-01 1.6E+00  1.7E+00 2.0E-01 3.4E-02 CONVR     2    0.0
    37    34    25  6.22E-01 9.3E+00  7.2E-01 2.0E-01 2.0E-01 CONVR     2    0.0
    38    35    25  4.37E-01 2.0E+00  1.2E+00 2.0E-01 2.6E-02 CONVR     2    0.0
    39    36    26  2.13E-01 2.7E+00  3.5E-01 2.0E-01 2.0E-01 -CURV     2    0.0
    40    37    27  7.87E-01 2.5E+01  1.8E-01 2.0E-01 2.0E-01 BOUND     2    0.0
    41    38    27  9.22E-02 2.0E+00  1.1E+00 2.0E-01 3.5E-02 CONVR     2    0.0
    42    39    28  2.44E-01 1.6E+01  1.8E-01 2.0E-01 2.0E-01 -CURV     2    0.0
    43    40    28  3.56E-02 3.5E+00  7.7E-01 2.0E-01 2.5E-02 CONVR     2    0.0
    44    41    28  2.52E-02 1.7E-01  1.0E+00 2.0E-01 4.5E-03 CONVR     2    0.0
    45    42    29  1.43E-02 7.1E-01  1.6E+00 2.0E-01 7.1E-02 CONVR     2    0.0
    46    43    30  1.00E-02 3.7E+00  7.9E-01 2.0E-01 1.5E-01 CONVR     2    0.0
    47    44    30  2.11E-03 1.2E+00  1.3E+00 2.0E-01 2.6E-03 CONVR     2    0.0
    48    45    31  1.35E-02 4.1E+00  7.0E-01 2.0E-01 2.0E-01 -CURV     2    0.0
    49    46    31  4.24E-03 2.2E-01  1.0E+00 2.0E-01 3.5E-03 CONVR     2    0.0
    50    47    32  7.16E-03 3.0E+00  2.9E-02 2.0E-01 2.0E-01 -CURV     2    0.0
    51    48    33  1.19E-03 6.7E-01  4.9E-01 2.0E-01 1.3E-01 CONVR     2    0.0
    52    49    34  3.51E-04 1.8E-01  1.6E+00 2.0E-01 2.5E-02 CONVR     2    0.0
    53    50    35  9.25E-05 3.5E-01  6.0E-01 2.0E-01 4.4E-02 CONVR     2    0.0
    54    51    36  7.94E-06 3.1E-02  8.5E-01 2.0E-01 1.3E-02 CONVR     2    0.0
    55    52    37  2.36E-06 3.5E-02  1.5E+00 2.0E-01 2.9E-03 CONVR     2    0.0
    56    53    38  2.06E-08 5.6E-03  1.1E+00 2.0E-01 2.5E-03 CONVR     2    0.0
    57    54    39  8.18E-12 2.4E-05  1.0E+00 2.0E-01 6.4E-05 CONVR     2    0.0
    58    54    40  8.18E-12 2.4E-05 -5.6E-02 2.0E-01 2.0E-01 -CURV     2    0.0
    59    55    41  2.64E-06 1.9E-02  5.9E-02 3.1E-03 3.1E-03 -CURV     2    0.0
    60    56    42  2.33E-15 1.6E-06  1.0E-00 3.1E-03 3.1E-03 CONVR     2    0.0

 Iteration number              60  Merit function value    =   2.33051495021E-15
 No. derivative evals          56  Projected gradient norm =   1.55454964181E-06
 C.G. iterations               42  Trust-region radius     =   3.11986426843E-03
 Number of updates skipped      0

 There are      2 variables and      0 active bounds

 Times for Cauchy, systems, products and updates    0.00    0.00    0.00    0.00

 Exact Cauchy step computed 
 Bandsolver preconditioned C.G. ( semi-bandwidth =      5 ) used 
 Infinity-norm trust region used 
 Non-monotone descent strategy ( history =  1 ) used 
 S.R.1 Approximation to second derivatives used 

 Variable name Number Status     Value   Lower bound Upper bound  |  Dual value 
 ------------- ------ ------     -----   ----------- -----------  |  ----------
  X_1             1     FREE  1.0000E+00 -1.0000E+20  1.0000E+20  | -1.5545E-06
  X_2             2     FREE  1.0000E+00 -1.0000E+20  1.0000E+20  |  8.0400E-07
 ==================== TEST 7: EXIT_CODE =  0   ======================
 ==================== TEST 8: EXIT_CODE =  0   ======================
 
               **********************************************
               *                                            *
               *               LANCELOT_simple              *
               *                                            *
               *  a simple interface to GALAHAD/LANCELOT B  *
               *                                            *
               **********************************************
 

 Penalty parameter   1.0000E-01 Required projected gradient norm =   1.0000E-01
                                Required constraint         norm =   1.0000E-01

 *********  Starting optimization  ************** 

 There are        3 variables
 There are        3 groups
 There are        3 nonlinear elements 

 Objective function value    1.01000000000000E+02
 Constraint norm             2.00000000000000E+00

  Iter #g.ev c.g.it      f    proj.g    rho   radius   step   cgend #free   time
     0     1     0  1.21E+02 1.6E+02     -       -       -      -       3    0.0
     1     2     1  3.83E+01 5.8E+01  8.9E-01 1.0E+00 1.0E+00 -CURV     3    0.0
     2     3     2  1.01E+02 3.0E+00  9.8E-02 1.0E+00 1.0E+00 BOUND     3    0.0
     3     4     3  7.71E+00 2.1E+00  1.1E+00 1.0E+00 8.7E-01 CONVR     3    0.0
     4     5     4  4.85E-01 2.2E+00  1.1E+00 1.7E+00 5.2E-01 CONVR     3    0.0
     5     6     5  2.73E-02 8.5E-01  1.1E+00 1.7E+00 9.9E-02 CONVR     3    0.0
     6     7     6  2.32E-02 2.1E-02  1.1E+00 1.7E+00 1.1E-02 CONVR     3    0.0

 Iteration number               6  Merit function value    =   2.31890590071E-02
 No. derivative evals           7  Projected gradient norm =   2.08773257903E-02
 C.G. iterations                6  Trust-region radius     =   1.73866572139E+00
 Number of updates skipped      0

 There are      3 variables and      0 active bounds

 Times for Cauchy, systems, products and updates    0.00    0.00    0.00    0.00

 Exact Cauchy step computed 
 Bandsolver preconditioned C.G. ( semi-bandwidth =      5 ) used 
 Infinity-norm trust region used 
 Non-monotone descent strategy ( history =  1 ) used 
 Exact second derivatives used 

 Objective function value    2.30556773462821E-02

 Penalty parameter       =   1.0000E-01
 Projected gradient norm =   2.0877E-02 Required gradient   norm =   1.0000E-01
 Constraint         norm =   5.1647E-03 Required constraint norm =   1.0000E-01

 ******** Updating multiplier estimates ********** 

 Penalty parameter   1.0000E-01 Required projected gradient norm =   1.0000E-02
                                Required constraint         norm =   1.2589E-02

  Iter #g.ev c.g.it      f    proj.g    rho   radius   step   cgend #free   time
     6     7     6  2.36E-02 1.5E-01     -       -       -      -       3    0.0
     7     8     7  2.34E-02 3.4E-04  1.0E+00 1.0E+00 3.6E-03 CONVR     3    0.0

 Iteration number               7  Merit function value    =   2.34466960383E-02
 No. derivative evals           8  Projected gradient norm =   3.42123908477E-04
 C.G. iterations                7  Trust-region radius     =   1.00000000000E+00
 Number of updates skipped      0

 There are      3 variables and      0 active bounds

 Times for Cauchy, systems, products and updates    0.00    0.00    0.00    0.00

 Exact Cauchy step computed 
 Bandsolver preconditioned C.G. ( semi-bandwidth =      5 ) used 
 Infinity-norm trust region used 
 Non-monotone descent strategy ( history =  1 ) used 
 Exact second derivatives used 

 Objective function value    2.33210093681760E-02

 Penalty parameter       =   1.0000E-01
 Projected gradient norm =   3.4212E-04 Required gradient   norm =   1.0000E-02
 Constraint         norm =   1.5101E-04 Required constraint norm =   1.2589E-02

 ******** Updating multiplier estimates ********** 

 Penalty parameter   1.0000E-01 Required projected gradient norm =   1.0000E-03
                                Required constraint         norm =   1.5849E-03

  Iter #g.ev c.g.it      f    proj.g    rho   radius   step   cgend #free   time
     7     8     7  2.34E-02 5.2E-03     -       -       -      -       3    0.0
     8     9     8  2.34E-02 2.5E-07  1.0E-00 1.0E+00 6.2E-05 CONVR     3    0.0

 Iteration number               8  Merit function value    =   2.34391260921E-02
 No. derivative evals           9  Projected gradient norm =   2.45864879192E-07
 C.G. iterations                8  Trust-region radius     =   1.00000000000E+00
 Number of updates skipped      0

 There are      3 variables and      0 active bounds

 Times for Cauchy, systems, products and updates    0.00    0.00    0.00    0.00

 Exact Cauchy step computed 
 Bandsolver preconditioned C.G. ( semi-bandwidth =      5 ) used 
 Infinity-norm trust region used 
 Non-monotone descent strategy ( history =  1 ) used 
 Exact second derivatives used 

 Objective function value    2.33135045070784E-02

 Penalty parameter       =   1.0000E-01
 Projected gradient norm =   2.4586E-07 Required gradient   norm =   1.0000E-03
 Constraint         norm =   2.9716E-06 Required constraint norm =   1.5849E-03

 Variable name Number Status     Value   Lower bound Upper bound  |  Dual value 
 ------------- ------ ------     -----   ----------- -----------  |  ----------
  x1              1     FREE  8.4750E-01  0.0000E+00  1.0000E+20  |  2.4586E-07
  x2              2     FREE  7.1750E-01 -1.0000E+20  3.0000E+00  | -5.0502E-08
  Slack_1         3     FREE  2.7669E+00  0.0000E+00  1.0000E+20  |  2.3343E-08

 Constraint name Number    Value    Scale factor | Lagrange multiplier
 --------------- ------    -----    ----- ------ | -------------------
    Equality        1   -1.2974E-06  1.0000E+00  |     5.0124E-02
    Inequality      2   -2.9716E-06  1.0000E+00  |     2.3343E-08

 Objective function value    2.33135045070784E-02

 There are       3 variables in total. 
 There are       2 equality constraints. 
 Of these        1 are primal degenerate. 
 There are       0 variables on their bounds. 
 Of these        0 are dual degenerate. 
  CX =   -1.2974289804734696E-06  -2.7669410115774058
  Y  =    5.0124162831747254E-02   2.3342705546295191E-08
 ==================== Test 9: EXIT_CODE =  0   ======================

 Penalty parameter   1.0000E-01 Required projected gradient norm =   1.0000E-01
                                Required constraint         norm =   1.0000E-01

 *********  Starting optimization  ************** 

 There are        3 variables
 There are        3 groups
 There are        3 nonlinear elements 

 Objective function value    1.01000000000000E+02
 Constraint norm             2.00000000000000E+00

  Iter #g.ev c.g.it      f    proj.g    rho   radius   step   cgend #free   time
     0     1     0  1.21E+02 1.6E+02     -       -       -      -       3    0.0
     1     2     1  3.83E+01 5.8E+01  8.9E-01 1.0E+00 1.0E+00 -CURV     3    0.0
     2     3     2  1.01E+02 3.0E+00  9.8E-02 1.0E+00 1.0E+00 BOUND     3    0.0
     3     4     3  7.71E+00 2.1E+00  1.1E+00 1.0E+00 8.7E-01 CONVR     3    0.0
     4     5     4  4.85E-01 2.2E+00  1.1E+00 1.7E+00 5.2E-01 CONVR     3    0.0
     5     6     5  2.73E-02 8.5E-01  1.1E+00 1.7E+00 9.9E-02 CONVR     3    0.0
     6     7     6  2.32E-02 2.1E-02  1.1E+00 1.7E+00 1.1E-02 CONVR     3    0.0

 Iteration number               6  Merit function value    =   2.31890590071E-02
 No. derivative evals           7  Projected gradient norm =   2.08773257903E-02
 C.G. iterations                6  Trust-region radius     =   1.73866572139E+00
 Number of updates skipped      0

 There are      3 variables and      0 active bounds

 Times for Cauchy, systems, products and updates    0.00    0.00    0.00    0.00

 Exact Cauchy step computed 
 Bandsolver preconditioned C.G. ( semi-bandwidth =      5 ) used 
 Infinity-norm trust region used 
 Non-monotone descent strategy ( history =  1 ) used 
 Exact second derivatives used 

 Objective function value    2.30556773462821E-02

 Penalty parameter       =   1.0000E-01
 Projected gradient norm =   2.0877E-02 Required gradient   norm =   1.0000E-01
 Constraint         norm =   5.1647E-03 Required constraint norm =   1.0000E-01

 ******** Updating multiplier estimates ********** 

 Penalty parameter   1.0000E-01 Required projected gradient norm =   1.0000E-02
                                Required constraint         norm =   1.2589E-02

  Iter #g.ev c.g.it      f    proj.g    rho   radius   step   cgend #free   time
     6     7     6  2.36E-02 1.5E-01     -       -       -      -       3    0.0
     7     8     7  2.34E-02 3.4E-04  1.0E+00 1.0E+00 3.6E-03 CONVR     3    0.0

 Iteration number               7  Merit function value    =   2.34466960383E-02
 No. derivative evals           8  Projected gradient norm =   3.42123908477E-04
 C.G. iterations                7  Trust-region radius     =   1.00000000000E+00
 Number of updates skipped      0

 There are      3 variables and      0 active bounds

 Times for Cauchy, systems, products and updates    0.00    0.00    0.00    0.00

 Exact Cauchy step computed 
 Bandsolver preconditioned C.G. ( semi-bandwidth =      5 ) used 
 Infinity-norm trust region used 
 Non-monotone descent strategy ( history =  1 ) used 
 Exact second derivatives used 

 Objective function value    2.33210093681760E-02

 Penalty parameter       =   1.0000E-01
 Projected gradient norm =   3.4212E-04 Required gradient   norm =   1.0000E-02
 Constraint         norm =   1.5101E-04 Required constraint norm =   1.2589E-02

 ******** Updating multiplier estimates ********** 

 Penalty parameter   1.0000E-01 Required projected gradient norm =   1.0000E-03
                                Required constraint         norm =   1.5849E-03

  Iter #g.ev c.g.it      f    proj.g    rho   radius   step   cgend #free   time
     7     8     7  2.34E-02 5.2E-03     -       -       -      -       3    0.0
     8     9     8  2.34E-02 2.5E-07  1.0E-00 1.0E+00 6.2E-05 CONVR     3    0.0

 Iteration number               8  Merit function value    =   2.34391260921E-02
 No. derivative evals           9  Projected gradient norm =   2.45864879192E-07
 C.G. iterations                8  Trust-region radius     =   1.00000000000E+00
 Number of updates skipped      0

 There are      3 variables and      0 active bounds

 Times for Cauchy, systems, products and updates    0.00    0.00    0.00    0.00

 Exact Cauchy step computed 
 Bandsolver preconditioned C.G. ( semi-bandwidth =      5 ) used 
 Infinity-norm trust region used 
 Non-monotone descent strategy ( history =  1 ) used 
 Exact second derivatives used 

 Objective function value    2.33135045070784E-02

 Penalty parameter       =   1.0000E-01
 Projected gradient norm =   2.4586E-07 Required gradient   norm =   1.0000E-03
 Constraint         norm =   2.9716E-06 Required constraint norm =   1.5849E-03

 Variable name Number Status     Value   Lower bound Upper bound  |  Dual value 
 ------------- ------ ------     -----   ----------- -----------  |  ----------
  X_1             1     FREE  8.4750E-01  0.0000E+00  1.0000E+20  |  2.4586E-07
  X_2             2     FREE  7.1750E-01 -1.0000E+20  3.0000E+00  | -5.0502E-08
  Slack_1         3     FREE  2.7669E+00  0.0000E+00  1.0000E+20  |  2.3343E-08

 Constraint name Number    Value    Scale factor | Lagrange multiplier
 --------------- ------    -----    ----- ------ | -------------------
    Inequ_1         1   -1.2974E-06  1.0000E+00  |     5.0124E-02
    Equal_1         2   -2.9716E-06  1.0000E+00  |     2.3343E-08

 Objective function value    2.33135045070784E-02

 There are       3 variables in total. 
 There are       2 equality constraints. 
 Of these        1 are primal degenerate. 
 There are       0 variables on their bounds. 
 Of these        0 are dual degenerate. 
 ==================== Test 10: EXIT_CODE =  0  ======================
