
              **************************************************
              *                                                *
              *                   FILTRANE                     *
              *                                                *
              *     GALAHAD filter trust-region algorithm      *
              *                                                *
              *     for the nonlinear feasibility problem      *
              *                                                *
              **************************************************

 
 Iter     f(x)      ||g(x)||     rho       ||s||      Delta   #CGits Type   F
 
    0   2.000E+01  6.223E+01                        1.000E+00      0        0
    1   1.916E+00  8.965E+00  9.341E-01  6.223E-01  1.000E+00      1 GUIF   0
    2   6.430E-01  1.538E+01  6.644E-01  2.033E+00  1.245E+00      3 GUEf   1
    3   7.325E-03  4.115E-01  9.986E-01  8.279E-02  1.245E+00      4 GUIF   1
    4   2.932E-03  6.961E-01  5.997E-01  3.929E-01  1.245E+00      6 GUIF   1
    5   6.746E-05  3.180E-03  9.999E-01  8.230E-03  1.245E+00      7 GUIF   1
    6   8.208E-07  1.103E-02  9.878E-01  4.878E-02  1.245E+00      9 GUIF   1
    7   2.099E-08  4.705E-05  1.000E+00  1.450E-04  1.245E+00     10 GUIF   1
    8   9.619E-14  3.773E-06  1.000E+00  8.922E-04  1.245E+00     12 GUIF   1

 Problem successfully solved: constraints violations are small.

              *********************** Bye **********************



 Problem : GALEXAMPLE


 X1 =   1.000000219305E+00
 X2 =  -1.000000219305E+00


 C1 =  -4.386100604936E-07
 C2 =   0.000000000000E+00


 Exit condition number    =          0
 Objective function value =  9.618939258311E-14
 Number of iterations     =          8
 Number of CG iterations  =         12
 Number of constraints evaluations =     9
 Number of Jacobian evaluations    =     9
